<?xml version="1.0" encoding="UTF-8"?>
<testsuite xmlns:xsi="http://www.w3.org/2001/XMLSchema-instance" xsi:noNamespaceSchemaLocation="https://maven.apache.org/surefire/maven-surefire-plugin/xsd/surefire-test-report.xsd" name="com.redhat.fuse.boosters.configmap.HttpRequestTest" time="3.901" tests="2" errors="0" skipped="0" failures="1">
  <properties>
    <property name="java.specification.version" value="17"/>
    <property name="sun.cpu.isalist" value="amd64"/>
    <property name="sun.jnu.encoding" value="MS932"/>
    <property name="java.class.path" value="C:\Users\aandb\Documents\Fuse\ex-configuration\ex-configuration\target\test-classes;C:\Users\aandb\Documents\Fuse\ex-configuration\ex-configuration\target\classes;C:\Users\aandb\.m2\repository\org\springframework\boot\spring-boot-starter-web\2.3.4.RELEASE\spring-boot-starter-web-2.3.4.RELEASE.jar;C:\Users\aandb\.m2\repository\org\springframework\boot\spring-boot-starter\2.3.4.RELEASE\spring-boot-starter-2.3.4.RELEASE.jar;C:\Users\aandb\.m2\repository\org\springframework\boot\spring-boot\2.3.4.RELEASE\spring-boot-2.3.4.RELEASE.jar;C:\Users\aandb\.m2\repository\org\springframework\boot\spring-boot-autoconfigure\2.3.4.RELEASE\spring-boot-autoconfigure-2.3.4.RELEASE.jar;C:\Users\aandb\.m2\repository\org\springframework\boot\spring-boot-starter-logging\2.3.4.RELEASE\spring-boot-starter-logging-2.3.4.RELEASE.jar;C:\Users\aandb\.m2\repository\ch\qos\logback\logback-classic\1.2.3\logback-classic-1.2.3.jar;C:\Users\aandb\.m2\repository\ch\qos\logback\logback-core\1.2.3\logback-core-1.2.3.jar;C:\Users\aandb\.m2\repository\org\apache\logging\log4j\log4j-to-slf4j\2.13.2.redhat-00002\log4j-to-slf4j-2.13.2.redhat-00002.jar;C:\Users\aandb\.m2\repository\org\apache\logging\log4j\log4j-api\2.13.2.redhat-00002\log4j-api-2.13.2.redhat-00002.jar;C:\Users\aandb\.m2\repository\org\slf4j\jul-to-slf4j\1.7.30\jul-to-slf4j-1.7.30.jar;C:\Users\aandb\.m2\repository\jakarta\annotation\jakarta.annotation-api\1.3.5\jakarta.annotation-api-1.3.5.jar;C:\Users\aandb\.m2\repository\org\yaml\snakeyaml\1.26.0.redhat-00002\snakeyaml-1.26.0.redhat-00002.jar;C:\Users\aandb\.m2\repository\org\springframework\boot\spring-boot-starter-json\2.3.4.RELEASE\spring-boot-starter-json-2.3.4.RELEASE.jar;C:\Users\aandb\.m2\repository\com\fasterxml\jackson\core\jackson-databind\2.9.10.4-redhat-00001\jackson-databind-2.9.10.4-redhat-00001.jar;C:\Users\aandb\.m2\repository\com\fasterxml\jackson\core\jackson-annotations\2.9.10\jackson-annotations-2.9.10.jar;C:\Users\aandb\.m2\repository\com\fasterxml\jackson\datatype\jackson-datatype-jdk8\2.9.10\jackson-datatype-jdk8-2.9.10.jar;C:\Users\aandb\.m2\repository\com\fasterxml\jackson\datatype\jackson-datatype-jsr310\2.9.10\jackson-datatype-jsr310-2.9.10.jar;C:\Users\aandb\.m2\repository\com\fasterxml\jackson\module\jackson-module-parameter-names\2.9.10\jackson-module-parameter-names-2.9.10.jar;C:\Users\aandb\.m2\repository\org\springframework\spring-web\5.2.9.RELEASE\spring-web-5.2.9.RELEASE.jar;C:\Users\aandb\.m2\repository\org\springframework\spring-beans\5.2.9.RELEASE\spring-beans-5.2.9.RELEASE.jar;C:\Users\aandb\.m2\repository\org\springframework\spring-webmvc\5.2.9.RELEASE\spring-webmvc-5.2.9.RELEASE.jar;C:\Users\aandb\.m2\repository\org\springframework\spring-aop\5.2.9.RELEASE\spring-aop-5.2.9.RELEASE.jar;C:\Users\aandb\.m2\repository\org\springframework\spring-context\5.2.9.RELEASE\spring-context-5.2.9.RELEASE.jar;C:\Users\aandb\.m2\repository\org\springframework\spring-expression\5.2.9.RELEASE\spring-expression-5.2.9.RELEASE.jar;C:\Users\aandb\.m2\repository\org\springframework\boot\spring-boot-starter-undertow\2.3.4.RELEASE\spring-boot-starter-undertow-2.3.4.RELEASE.jar;C:\Users\aandb\.m2\repository\io\undertow\undertow-core\2.0.30.SP4-redhat-00001\undertow-core-2.0.30.SP4-redhat-00001.jar;C:\Users\aandb\.m2\repository\org\jboss\logging\jboss-logging\3.4.1.Final\jboss-logging-3.4.1.Final.jar;C:\Users\aandb\.m2\repository\org\jboss\xnio\xnio-api\3.5.9.Final\xnio-api-3.5.9.Final.jar;C:\Users\aandb\.m2\repository\org\wildfly\common\wildfly-common\1.2.0.Final\wildfly-common-1.2.0.Final.jar;C:\Users\aandb\.m2\repository\org\wildfly\client\wildfly-client-config\1.0.0.Final\wildfly-client-config-1.0.0.Final.jar;C:\Users\aandb\.m2\repository\org\jboss\xnio\xnio-nio\3.5.9.Final\xnio-nio-3.5.9.Final.jar;C:\Users\aandb\.m2\repository\io\undertow\undertow-servlet\2.0.30.SP4-redhat-00001\undertow-servlet-2.0.30.SP4-redhat-00001.jar;C:\Users\aandb\.m2\repository\io\undertow\undertow-websockets-jsr\2.0.30.SP4-redhat-00001\undertow-websockets-jsr-2.0.30.SP4-redhat-00001.jar;C:\Users\aandb\.m2\repository\org\jboss\spec\javax\websocket\jboss-websocket-api_1.1_spec\1.1.4.Final\jboss-websocket-api_1.1_spec-1.1.4.Final.jar;C:\Users\aandb\.m2\repository\jakarta\servlet\jakarta.servlet-api\4.0.4\jakarta.servlet-api-4.0.4.jar;C:\Users\aandb\.m2\repository\org\glassfish\jakarta.el\3.0.3\jakarta.el-3.0.3.jar;C:\Users\aandb\.m2\repository\org\springframework\boot\spring-boot-starter-actuator\2.3.4.RELEASE\spring-boot-starter-actuator-2.3.4.RELEASE.jar;C:\Users\aandb\.m2\repository\org\springframework\boot\spring-boot-actuator-autoconfigure\2.3.4.RELEASE\spring-boot-actuator-autoconfigure-2.3.4.RELEASE.jar;C:\Users\aandb\.m2\repository\io\micrometer\micrometer-core\1.5.5\micrometer-core-1.5.5.jar;C:\Users\aandb\.m2\repository\org\hdrhistogram\HdrHistogram\2.1.12\HdrHistogram-2.1.12.jar;C:\Users\aandb\.m2\repository\org\latencyutils\LatencyUtils\2.0.3\LatencyUtils-2.0.3.jar;C:\Users\aandb\.m2\repository\org\springframework\cloud\spring-cloud-starter-kubernetes-config\1.0.4.RELEASE\spring-cloud-starter-kubernetes-config-1.0.4.RELEASE.jar;C:\Users\aandb\.m2\repository\org\springframework\cloud\spring-cloud-kubernetes-core\1.0.4.RELEASE\spring-cloud-kubernetes-core-1.0.4.RELEASE.jar;C:\Users\aandb\.m2\repository\org\springframework\cloud\spring-cloud-context\2.1.4.RELEASE\spring-cloud-context-2.1.4.RELEASE.jar;C:\Users\aandb\.m2\repository\org\springframework\security\spring-security-crypto\5.3.3.RELEASE\spring-security-crypto-5.3.3.RELEASE.jar;C:\Users\aandb\.m2\repository\org\springframework\cloud\spring-cloud-kubernetes-config\1.0.4.RELEASE\spring-cloud-kubernetes-config-1.0.4.RELEASE.jar;C:\Users\aandb\.m2\repository\org\springframework\security\spring-security-rsa\1.0.7.RELEASE\spring-security-rsa-1.0.7.RELEASE.jar;C:\Users\aandb\.m2\repository\org\bouncycastle\bcpkix-jdk15on\1.60\bcpkix-jdk15on-1.60.jar;C:\Users\aandb\.m2\repository\org\bouncycastle\bcprov-jdk15on\1.66\bcprov-jdk15on-1.66.jar;C:\Users\aandb\.m2\repository\org\apache\camel\camel-spring-boot-starter\2.23.2.fuse-780036-redhat-00001\camel-spring-boot-starter-2.23.2.fuse-780036-redhat-00001.jar;C:\Users\aandb\.m2\repository\org\apache\camel\camel-spring-boot\2.23.2.fuse-780036-redhat-00001\camel-spring-boot-2.23.2.fuse-780036-redhat-00001.jar;C:\Users\aandb\.m2\repository\org\apache\camel\camel-spring\2.23.2.fuse-780036-redhat-00001\camel-spring-2.23.2.fuse-780036-redhat-00001.jar;C:\Users\aandb\.m2\repository\org\springframework\spring-tx\5.2.9.RELEASE\spring-tx-5.2.9.RELEASE.jar;C:\Users\aandb\.m2\repository\org\apache\camel\camel-core-starter\2.23.2.fuse-780036-redhat-00001\camel-core-starter-2.23.2.fuse-780036-redhat-00001.jar;C:\Users\aandb\.m2\repository\org\apache\camel\camel-http-starter\2.23.2.fuse-780036-redhat-00001\camel-http-starter-2.23.2.fuse-780036-redhat-00001.jar;C:\Users\aandb\.m2\repository\org\apache\camel\camel-http\2.23.2.fuse-780036-redhat-00001\camel-http-2.23.2.fuse-780036-redhat-00001.jar;C:\Users\aandb\.m2\repository\org\apache\camel\camel-http-common\2.23.2.fuse-780036-redhat-00001\camel-http-common-2.23.2.fuse-780036-redhat-00001.jar;C:\Users\aandb\.m2\repository\javax\servlet\javax.servlet-api\4.0.1\javax.servlet-api-4.0.1.jar;C:\Users\aandb\.m2\repository\commons-httpclient\commons-httpclient\3.1.0.redhat-8\commons-httpclient-3.1.0.redhat-8.jar;C:\Users\aandb\.m2\repository\commons-codec\commons-codec\1.14.0.redhat-00001\commons-codec-1.14.0.redhat-00001.jar;C:\Users\aandb\.m2\repository\org\apache\camel\camel-servlet-starter\2.23.2.fuse-780036-redhat-00001\camel-servlet-starter-2.23.2.fuse-780036-redhat-00001.jar;C:\Users\aandb\.m2\repository\org\apache\camel\camel-servlet\2.23.2.fuse-780036-redhat-00001\camel-servlet-2.23.2.fuse-780036-redhat-00001.jar;C:\Users\aandb\.m2\repository\org\apache\camel\camel-jackson-starter\2.23.2.fuse-780036-redhat-00001\camel-jackson-starter-2.23.2.fuse-780036-redhat-00001.jar;C:\Users\aandb\.m2\repository\org\apache\camel\camel-jackson\2.23.2.fuse-780036-redhat-00001\camel-jackson-2.23.2.fuse-780036-redhat-00001.jar;C:\Users\aandb\.m2\repository\com\fasterxml\jackson\module\jackson-module-jaxb-annotations\2.9.10\jackson-module-jaxb-annotations-2.9.10.jar;C:\Users\aandb\.m2\repository\org\springframework\boot\spring-boot-starter-test\2.3.4.RELEASE\spring-boot-starter-test-2.3.4.RELEASE.jar;C:\Users\aandb\.m2\repository\org\springframework\boot\spring-boot-test\2.3.4.RELEASE\spring-boot-test-2.3.4.RELEASE.jar;C:\Users\aandb\.m2\repository\org\springframework\boot\spring-boot-test-autoconfigure\2.3.4.RELEASE\spring-boot-test-autoconfigure-2.3.4.RELEASE.jar;C:\Users\aandb\.m2\repository\com\jayway\jsonpath\json-path\2.4.0\json-path-2.4.0.jar;C:\Users\aandb\.m2\repository\net\minidev\json-smart\2.3\json-smart-2.3.jar;C:\Users\aandb\.m2\repository\net\minidev\accessors-smart\1.2\accessors-smart-1.2.jar;C:\Users\aandb\.m2\repository\org\ow2\asm\asm\8.0.1\asm-8.0.1.jar;C:\Users\aandb\.m2\repository\org\slf4j\slf4j-api\1.7.30\slf4j-api-1.7.30.jar;C:\Users\aandb\.m2\repository\jakarta\xml\bind\jakarta.xml.bind-api\2.3.3\jakarta.xml.bind-api-2.3.3.jar;C:\Users\aandb\.m2\repository\jakarta\activation\jakarta.activation-api\1.2.2\jakarta.activation-api-1.2.2.jar;C:\Users\aandb\.m2\repository\org\assertj\assertj-core\3.16.1\assertj-core-3.16.1.jar;C:\Users\aandb\.m2\repository\org\hamcrest\hamcrest\2.2\hamcrest-2.2.jar;C:\Users\aandb\.m2\repository\org\junit\jupiter\junit-jupiter\5.6.2\junit-jupiter-5.6.2.jar;C:\Users\aandb\.m2\repository\org\junit\jupiter\junit-jupiter-api\5.6.2\junit-jupiter-api-5.6.2.jar;C:\Users\aandb\.m2\repository\org\opentest4j\opentest4j\1.2.0\opentest4j-1.2.0.jar;C:\Users\aandb\.m2\repository\org\junit\platform\junit-platform-commons\1.6.2\junit-platform-commons-1.6.2.jar;C:\Users\aandb\.m2\repository\org\junit\jupiter\junit-jupiter-params\5.6.2\junit-jupiter-params-5.6.2.jar;C:\Users\aandb\.m2\repository\org\junit\jupiter\junit-jupiter-engine\5.6.2\junit-jupiter-engine-5.6.2.jar;C:\Users\aandb\.m2\repository\org\junit\vintage\junit-vintage-engine\5.6.2\junit-vintage-engine-5.6.2.jar;C:\Users\aandb\.m2\repository\org\apiguardian\apiguardian-api\1.1.0\apiguardian-api-1.1.0.jar;C:\Users\aandb\.m2\repository\org\junit\platform\junit-platform-engine\1.6.2\junit-platform-engine-1.6.2.jar;C:\Users\aandb\.m2\repository\org\mockito\mockito-core\3.3.3\mockito-core-3.3.3.jar;C:\Users\aandb\.m2\repository\net\bytebuddy\byte-buddy\1.10.14\byte-buddy-1.10.14.jar;C:\Users\aandb\.m2\repository\net\bytebuddy\byte-buddy-agent\1.10.14\byte-buddy-agent-1.10.14.jar;C:\Users\aandb\.m2\repository\org\objenesis\objenesis\2.6\objenesis-2.6.jar;C:\Users\aandb\.m2\repository\org\mockito\mockito-junit-jupiter\3.3.3\mockito-junit-jupiter-3.3.3.jar;C:\Users\aandb\.m2\repository\org\skyscreamer\jsonassert\1.5.0\jsonassert-1.5.0.jar;C:\Users\aandb\.m2\repository\com\vaadin\external\google\android-json\0.0.20131108.vaadin1\android-json-0.0.20131108.vaadin1.jar;C:\Users\aandb\.m2\repository\org\springframework\spring-core\5.2.9.RELEASE\spring-core-5.2.9.RELEASE.jar;C:\Users\aandb\.m2\repository\org\springframework\spring-jcl\5.2.9.RELEASE\spring-jcl-5.2.9.RELEASE.jar;C:\Users\aandb\.m2\repository\org\springframework\spring-test\5.2.9.RELEASE\spring-test-5.2.9.RELEASE.jar;C:\Users\aandb\.m2\repository\org\xmlunit\xmlunit-core\2.7.0\xmlunit-core-2.7.0.jar;C:\Users\aandb\.m2\repository\org\apache\camel\camel-test\2.23.2.fuse-780036-redhat-00001\camel-test-2.23.2.fuse-780036-redhat-00001.jar;C:\Users\aandb\.m2\repository\org\apache\camel\camel-core\2.23.2.fuse-780036-redhat-00001\camel-core-2.23.2.fuse-780036-redhat-00001.jar;C:\Users\aandb\.m2\repository\com\sun\xml\bind\jaxb-core\2.3.0\jaxb-core-2.3.0.jar;C:\Users\aandb\.m2\repository\com\sun\xml\bind\jaxb-impl\2.3.0\jaxb-impl-2.3.0.jar;C:\Users\aandb\.m2\repository\junit\junit\4.13\junit-4.13.jar;C:\Users\aandb\.m2\repository\org\hamcrest\hamcrest-core\2.2\hamcrest-core-2.2.jar;C:\Users\aandb\.m2\repository\io\fabric8\openshift-client\4.6.2\openshift-client-4.6.2.jar;C:\Users\aandb\.m2\repository\io\fabric8\kubernetes-client\4.6.2.fuse-780004-redhat-00001\kubernetes-client-4.6.2.fuse-780004-redhat-00001.jar;C:\Users\aandb\.m2\repository\io\fabric8\kubernetes-model\4.6.2\kubernetes-model-4.6.2.jar;C:\Users\aandb\.m2\repository\io\fabric8\kubernetes-model-common\4.6.2.fuse-780004-redhat-00001\kubernetes-model-common-4.6.2.fuse-780004-redhat-00001.jar;C:\Users\aandb\.m2\repository\javax\annotation\javax.annotation-api\1.3.2\javax.annotation-api-1.3.2.jar;C:\Users\aandb\.m2\repository\javax\xml\bind\jaxb-api\2.3.0.redhat-00003\jaxb-api-2.3.0.redhat-00003.jar;C:\Users\aandb\.m2\repository\com\squareup\okhttp3\logging-interceptor\3.14.9\logging-interceptor-3.14.9.jar;C:\Users\aandb\.m2\repository\com\fasterxml\jackson\dataformat\jackson-dataformat-yaml\2.9.10\jackson-dataformat-yaml-2.9.10.jar;C:\Users\aandb\.m2\repository\com\fasterxml\jackson\core\jackson-core\2.9.10\jackson-core-2.9.10.jar;C:\Users\aandb\.m2\repository\io\fabric8\zjsonpatch\0.3.0.redhat-00001\zjsonpatch-0.3.0.redhat-00001.jar;C:\Users\aandb\.m2\repository\com\github\mifmif\generex\1.0.2.redhat-1\generex-1.0.2.redhat-1.jar;C:\Users\aandb\.m2\repository\dk\brics\automaton\automaton\1.11.8.redhat-1\automaton-1.11.8.redhat-1.jar;C:\Users\aandb\.m2\repository\org\arquillian\cube\arquillian-cube-requirement\1.8.2.fuse-780002-redhat-00001\arquillian-cube-requirement-1.8.2.fuse-780002-redhat-00001.jar;C:\Users\aandb\.m2\repository\org\arquillian\cube\arquillian-cube-spi\1.8.2.fuse-780002-redhat-00001\arquillian-cube-spi-1.8.2.fuse-780002-redhat-00001.jar;C:\Users\aandb\.m2\repository\org\arquillian\reporter\arquillian-core-reporter-api\0.0.3\arquillian-core-reporter-api-0.0.3.jar;C:\Users\aandb\.m2\repository\org\arquillian\reporter\arquillian-reporter-api\0.0.3\arquillian-reporter-api-0.0.3.jar;C:\Users\aandb\.m2\repository\org\arquillian\cube\arquillian-cube-requirement-spi\1.8.2.fuse-780002-redhat-00001\arquillian-cube-requirement-spi-1.8.2.fuse-780002-redhat-00001.jar;C:\Users\aandb\.m2\repository\org\jboss\arquillian\junit\arquillian-junit-core\1.4.1.Final\arquillian-junit-core-1.4.1.Final.jar;C:\Users\aandb\.m2\repository\org\arquillian\cube\arquillian-cube-openshift\1.8.2.fuse-780002-redhat-00001\arquillian-cube-openshift-1.8.2.fuse-780002-redhat-00001.jar;C:\Users\aandb\.m2\repository\org\arquillian\cube\arquillian-cube-api\1.8.2.fuse-780002-redhat-00001\arquillian-cube-api-1.8.2.fuse-780002-redhat-00001.jar;C:\Users\aandb\.m2\repository\org\arquillian\cube\arquillian-cube-core\1.8.2.fuse-780002-redhat-00001\arquillian-cube-core-1.8.2.fuse-780002-redhat-00001.jar;C:\Users\aandb\.m2\repository\commons-io\commons-io\2.7.0.redhat-00003\commons-io-2.7.0.redhat-00003.jar;C:\Users\aandb\.m2\repository\org\apache\commons\commons-compress\1.5-redhat-1\commons-compress-1.5-redhat-1.jar;C:\Users\aandb\.m2\repository\org\apache\commons\commons-lang3\3.10.0.redhat-00001\commons-lang3-3.10.0.redhat-00001.jar;C:\Users\aandb\.m2\repository\org\arquillian\cube\arquillian-cube-kubernetes\1.8.2.fuse-780002-redhat-00001\arquillian-cube-kubernetes-1.8.2.fuse-780002-redhat-00001.jar;C:\Users\aandb\.m2\repository\org\arquillian\cube\fabric8-maven-plugin-build\1.8.2.fuse-780002-redhat-00001\fabric8-maven-plugin-build-1.8.2.fuse-780002-redhat-00001.jar;C:\Users\aandb\.m2\repository\org\jboss\shrinkwrap\resolver\shrinkwrap-resolver-impl-maven-embedded\3.0.1\shrinkwrap-resolver-impl-maven-embedded-3.0.1.jar;C:\Users\aandb\.m2\repository\org\jboss\shrinkwrap\shrinkwrap-impl-base\1.2.6\shrinkwrap-impl-base-1.2.6.jar;C:\Users\aandb\.m2\repository\org\jboss\shrinkwrap\shrinkwrap-spi\1.2.6\shrinkwrap-spi-1.2.6.jar;C:\Users\aandb\.m2\repository\org\jboss\shrinkwrap\resolver\shrinkwrap-resolver-api-maven-embedded\3.0.1\shrinkwrap-resolver-api-maven-embedded-3.0.1.jar;C:\Users\aandb\.m2\repository\org\apache\maven\shared\maven-invoker\3.0.0\maven-invoker-3.0.0.jar;C:\Users\aandb\.m2\repository\org\codehaus\plexus\plexus-component-annotations\1.7\plexus-component-annotations-1.7.jar;C:\Users\aandb\.m2\repository\org\fusesource\jansi\jansi\1.11.0.redhat-2\jansi-1.11.0.redhat-2.jar;C:\Users\aandb\.m2\repository\org\jboss\shrinkwrap\resolver\shrinkwrap-resolver-api\2.2.6\shrinkwrap-resolver-api-2.2.6.jar;C:\Users\aandb\.m2\repository\org\jboss\shrinkwrap\resolver\shrinkwrap-resolver-spi\2.2.6\shrinkwrap-resolver-spi-2.2.6.jar;C:\Users\aandb\.m2\repository\org\jboss\shrinkwrap\resolver\shrinkwrap-resolver-api-maven\2.2.6\shrinkwrap-resolver-api-maven-2.2.6.jar;C:\Users\aandb\.m2\repository\org\jboss\shrinkwrap\resolver\shrinkwrap-resolver-spi-maven\2.2.6\shrinkwrap-resolver-spi-maven-2.2.6.jar;C:\Users\aandb\.m2\repository\org\jboss\shrinkwrap\resolver\shrinkwrap-resolver-api-maven-archive\2.2.6\shrinkwrap-resolver-api-maven-archive-2.2.6.jar;C:\Users\aandb\.m2\repository\org\jboss\shrinkwrap\resolver\shrinkwrap-resolver-impl-maven\2.2.6\shrinkwrap-resolver-impl-maven-2.2.6.jar;C:\Users\aandb\.m2\repository\org\eclipse\aether\aether-api\1.0.0.v20140518\aether-api-1.0.0.v20140518.jar;C:\Users\aandb\.m2\repository\org\eclipse\aether\aether-impl\1.0.0.v20140518\aether-impl-1.0.0.v20140518.jar;C:\Users\aandb\.m2\repository\org\eclipse\aether\aether-spi\1.0.0.v20140518\aether-spi-1.0.0.v20140518.jar;C:\Users\aandb\.m2\repository\org\eclipse\aether\aether-util\1.0.0.v20140518\aether-util-1.0.0.v20140518.jar;C:\Users\aandb\.m2\repository\org\eclipse\aether\aether-connector-basic\1.0.0.v20140518\aether-connector-basic-1.0.0.v20140518.jar;C:\Users\aandb\.m2\repository\org\eclipse\aether\aether-transport-wagon\1.0.0.v20140518\aether-transport-wagon-1.0.0.v20140518.jar;C:\Users\aandb\.m2\repository\org\apache\maven\maven-aether-provider\3.2.5\maven-aether-provider-3.2.5.jar;C:\Users\aandb\.m2\repository\org\apache\maven\maven-model\3.2.5\maven-model-3.2.5.jar;C:\Users\aandb\.m2\repository\org\apache\maven\maven-model-builder\3.2.5\maven-model-builder-3.2.5.jar;C:\Users\aandb\.m2\repository\org\apache\maven\maven-repository-metadata\3.2.5\maven-repository-metadata-3.2.5.jar;C:\Users\aandb\.m2\repository\org\apache\maven\maven-settings\3.2.5\maven-settings-3.2.5.jar;C:\Users\aandb\.m2\repository\org\apache\maven\maven-settings-builder\3.2.5\maven-settings-builder-3.2.5.jar;C:\Users\aandb\.m2\repository\org\codehaus\plexus\plexus-interpolation\1.21\plexus-interpolation-1.21.jar;C:\Users\aandb\.m2\repository\org\codehaus\plexus\plexus-utils\3.0.20\plexus-utils-3.0.20.jar;C:\Users\aandb\.m2\repository\org\sonatype\plexus\plexus-sec-dispatcher\1.3\plexus-sec-dispatcher-1.3.jar;C:\Users\aandb\.m2\repository\org\sonatype\plexus\plexus-cipher\1.4\plexus-cipher-1.4.jar;C:\Users\aandb\.m2\repository\org\apache\maven\wagon\wagon-provider-api\2.6\wagon-provider-api-2.6.jar;C:\Users\aandb\.m2\repository\org\apache\maven\wagon\wagon-file\2.6\wagon-file-2.6.jar;C:\Users\aandb\.m2\repository\commons-lang\commons-lang\2.6\commons-lang-2.6.jar;C:\Users\aandb\.m2\repository\org\apache\maven\wagon\wagon-http-lightweight\2.6\wagon-http-lightweight-2.6.jar;C:\Users\aandb\.m2\repository\org\apache\maven\wagon\wagon-http-shared\2.6\wagon-http-shared-2.6.jar;C:\Users\aandb\.m2\repository\org\jsoup\jsoup\1.7.2\jsoup-1.7.2.jar;C:\Users\aandb\.m2\repository\org\jboss\shrinkwrap\resolver\shrinkwrap-resolver-impl-maven-archive\2.2.6\shrinkwrap-resolver-impl-maven-archive-2.2.6.jar;C:\Users\aandb\.m2\repository\org\jboss\shrinkwrap\resolver\shrinkwrap-resolver-spi-maven-archive\2.2.6\shrinkwrap-resolver-spi-maven-archive-2.2.6.jar;C:\Users\aandb\.m2\repository\org\eclipse\sisu\org.eclipse.sisu.plexus\0.3.0.M1\org.eclipse.sisu.plexus-0.3.0.M1.jar;C:\Users\aandb\.m2\repository\javax\enterprise\cdi-api\1.2.0.redhat-2\cdi-api-1.2.0.redhat-2.jar;C:\Users\aandb\.m2\repository\javax\el\javax.el-api\3.0.0\javax.el-api-3.0.0.jar;C:\Users\aandb\.m2\repository\javax\interceptor\javax.interceptor-api\1.2\javax.interceptor-api-1.2.jar;C:\Users\aandb\.m2\repository\org\eclipse\sisu\org.eclipse.sisu.inject\0.3.0.M1\org.eclipse.sisu.inject-0.3.0.M1.jar;C:\Users\aandb\.m2\repository\org\codehaus\plexus\plexus-compiler-javac\2.3\plexus-compiler-javac-2.3.jar;C:\Users\aandb\.m2\repository\org\codehaus\plexus\plexus-compiler-api\2.3\plexus-compiler-api-2.3.jar;C:\Users\aandb\.m2\repository\org\arquillian\spacelift\arquillian-spacelift\1.0.2\arquillian-spacelift-1.0.2.jar;C:\Users\aandb\.m2\repository\org\arquillian\spacelift\arquillian-spacelift-api\1.0.2\arquillian-spacelift-api-1.0.2.jar;C:\Users\aandb\.m2\repository\org\jboss\arquillian\core\arquillian-core-spi\1.4.1.Final\arquillian-core-spi-1.4.1.Final.jar;C:\Users\aandb\.m2\repository\org\jboss\arquillian\core\arquillian-core-api\1.4.1.Final\arquillian-core-api-1.4.1.Final.jar;C:\Users\aandb\.m2\repository\org\jboss\arquillian\config\arquillian-config-api\1.4.1.Final\arquillian-config-api-1.4.1.Final.jar;C:\Users\aandb\.m2\repository\org\jboss\shrinkwrap\descriptors\shrinkwrap-descriptors-api-base\2.0.0\shrinkwrap-descriptors-api-base-2.0.0.jar;C:\Users\aandb\.m2\repository\org\jboss\arquillian\test\arquillian-test-spi\1.4.1.Final\arquillian-test-spi-1.4.1.Final.jar;C:\Users\aandb\.m2\repository\org\jboss\arquillian\test\arquillian-test-api\1.4.1.Final\arquillian-test-api-1.4.1.Final.jar;C:\Users\aandb\.m2\repository\org\awaitility\awaitility\4.0.3\awaitility-4.0.3.jar;C:\Users\aandb\.m2\repository\io\github\lukehutch\fast-classpath-scanner\2.9.3\fast-classpath-scanner-2.9.3.jar;C:\Users\aandb\.m2\repository\javax\inject\javax.inject\1.0.0.redhat-6\javax.inject-1.0.0.redhat-6.jar;C:\Users\aandb\.m2\repository\io\fabric8\kubernetes-openshift-uberjar\4.6.2\kubernetes-openshift-uberjar-4.6.2-versioned.jar;C:\Users\aandb\.m2\repository\org\arquillian\cube\arquillian-cube-openshift-api\1.8.2.fuse-780002-redhat-00001\arquillian-cube-openshift-api-1.8.2.fuse-780002-redhat-00001.jar;C:\Users\aandb\.m2\repository\org\jboss\jboss-dmr\1.2.0.Final-redhat-1\jboss-dmr-1.2.0.Final-redhat-1.jar;C:\Users\aandb\.m2\repository\org\jboss\shrinkwrap\shrinkwrap-api\1.2.6\shrinkwrap-api-1.2.6.jar;C:\Users\aandb\.m2\repository\org\jboss\shrinkwrap\descriptors\shrinkwrap-descriptors-impl-javaee\2.0.0\shrinkwrap-descriptors-impl-javaee-2.0.0.jar;C:\Users\aandb\.m2\repository\org\jboss\shrinkwrap\descriptors\shrinkwrap-descriptors-api-javaee\2.0.0\shrinkwrap-descriptors-api-javaee-2.0.0.jar;C:\Users\aandb\.m2\repository\org\jboss\shrinkwrap\descriptors\shrinkwrap-descriptors-impl-base\2.0.0\shrinkwrap-descriptors-impl-base-2.0.0.jar;C:\Users\aandb\.m2\repository\org\javassist\javassist\3.18.1.GA-redhat-2\javassist-3.18.1.GA-redhat-2.jar;C:\Users\aandb\.m2\repository\com\fasterxml\jackson\jaxrs\jackson-jaxrs-json-provider\2.9.10\jackson-jaxrs-json-provider-2.9.10.jar;C:\Users\aandb\.m2\repository\com\fasterxml\jackson\jaxrs\jackson-jaxrs-base\2.9.10\jackson-jaxrs-base-2.9.10.jar;C:\Users\aandb\.m2\repository\com\squareup\okhttp3\okhttp\3.14.9\okhttp-3.14.9.jar;C:\Users\aandb\.m2\repository\com\squareup\okio\okio\1.17.2\okio-1.17.2.jar;C:\Users\aandb\.m2\repository\org\kohsuke\metainf-services\metainf-services\1.6\metainf-services-1.6.jar;C:\Users\aandb\.m2\repository\org\jolokia\jolokia-client-java\1.6.2.redhat-00002\jolokia-client-java-1.6.2.redhat-00002.jar;C:\Users\aandb\.m2\repository\com\googlecode\json-simple\json-simple\1.1.1.redhat-1\json-simple-1.1.1.redhat-1.jar;C:\Users\aandb\.m2\repository\org\apache\httpcomponents\httpcore\4.4.9\httpcore-4.4.9.jar;C:\Users\aandb\.m2\repository\org\jboss\arquillian\junit\arquillian-junit-standalone\1.4.1.Final\arquillian-junit-standalone-1.4.1.Final.jar;C:\Users\aandb\.m2\repository\org\jboss\arquillian\core\arquillian-core-impl-base\1.4.1.Final\arquillian-core-impl-base-1.4.1.Final.jar;C:\Users\aandb\.m2\repository\org\jboss\arquillian\test\arquillian-test-impl-base\1.4.1.Final\arquillian-test-impl-base-1.4.1.Final.jar;C:\Users\aandb\.m2\repository\org\jboss\arquillian\config\arquillian-config-impl-base\1.4.1.Final\arquillian-config-impl-base-1.4.1.Final.jar;C:\Users\aandb\.m2\repository\org\jboss\arquillian\config\arquillian-config-spi\1.4.1.Final\arquillian-config-spi-1.4.1.Final.jar;C:\Users\aandb\.m2\repository\org\jboss\shrinkwrap\descriptors\shrinkwrap-descriptors-spi\2.0.0\shrinkwrap-descriptors-spi-2.0.0.jar;C:\Users\aandb\.m2\repository\io\hawt\hawtio-springboot\2.0.0.fuse-sb2-780022-redhat-00001\hawtio-springboot-2.0.0.fuse-sb2-780022-redhat-00001.jar;C:\Users\aandb\.m2\repository\io\hawt\hawtio-system\2.0.0.fuse-sb2-780022-redhat-00001\hawtio-system-2.0.0.fuse-sb2-780022-redhat-00001.jar;C:\Users\aandb\.m2\repository\io\hawt\hawtio-core\2.0.0.fuse-sb2-780022-redhat-00001\hawtio-core-2.0.0.fuse-sb2-780022-redhat-00001.jar;C:\Users\aandb\.m2\repository\io\hawt\hawtio-util\2.0.0.fuse-sb2-780022-redhat-00001\hawtio-util-2.0.0.fuse-sb2-780022-redhat-00001.jar;C:\Users\aandb\.m2\repository\org\jolokia\jolokia-core\1.6.2\jolokia-core-1.6.2.jar;C:\Users\aandb\.m2\repository\org\apache\httpcomponents\httpclient\4.5.5\httpclient-4.5.5.jar;C:\Users\aandb\.m2\repository\commons-logging\commons-logging\1.2.0.redhat-3\commons-logging-1.2.0.redhat-3.jar;C:\Users\aandb\.m2\repository\com\google\guava\guava\27.1-jre\guava-27.1-jre.jar;C:\Users\aandb\.m2\repository\com\google\guava\failureaccess\1.0.1\failureaccess-1.0.1.jar;C:\Users\aandb\.m2\repository\com\google\guava\listenablefuture\9999.0-empty-to-avoid-conflict-with-guava\listenablefuture-9999.0-empty-to-avoid-conflict-with-guava.jar;C:\Users\aandb\.m2\repository\com\google\code\findbugs\jsr305\3.0.2\jsr305-3.0.2.jar;C:\Users\aandb\.m2\repository\org\checkerframework\checker-qual\2.5.2\checker-qual-2.5.2.jar;C:\Users\aandb\.m2\repository\com\google\errorprone\error_prone_annotations\2.2.0\error_prone_annotations-2.2.0.jar;C:\Users\aandb\.m2\repository\com\google\j2objc\j2objc-annotations\1.1\j2objc-annotations-1.1.jar;C:\Users\aandb\.m2\repository\org\codehaus\mojo\animal-sniffer-annotations\1.17\animal-sniffer-annotations-1.17.jar;C:\Users\aandb\.m2\repository\org\json\json\20171018\json-20171018.jar;C:\Users\aandb\.m2\repository\org\springframework\boot\spring-boot-actuator\2.3.4.RELEASE\spring-boot-actuator-2.3.4.RELEASE.jar;"/>
    <property name="java.vm.vendor" value="Oracle Corporation"/>
    <property name="sun.arch.data.model" value="64"/>
    <property name="user.variant" value=""/>
    <property name="java.vendor.url" value="https://java.oracle.com/"/>
    <property name="user.timezone" value="GMT+09:00"/>
    <property name="os.name" value="Windows 10"/>
    <property name="java.vm.specification.version" value="17"/>
    <property name="sun.java.launcher" value="SUN_STANDARD"/>
    <property name="user.country" value="JP"/>
    <property name="sun.boot.library.path" value="C:\openjdk\jdk-17.0.1\bin"/>
    <property name="sun.java.command" value="C:\Users\aandb\AppData\Local\Temp\surefire201241433156676433\surefirebooter14367455787823933391.jar C:\Users\aandb\AppData\Local\Temp\surefire201241433156676433 2021-11-26T16-10-40_285-jvmRun1 surefire2898437817302188749tmp surefire_05137419677737299842tmp"/>
    <property name="jdk.debug" value="release"/>
    <property name="surefire.test.class.path" value="C:\Users\aandb\Documents\Fuse\ex-configuration\ex-configuration\target\test-classes;C:\Users\aandb\Documents\Fuse\ex-configuration\ex-configuration\target\classes;C:\Users\aandb\.m2\repository\org\springframework\boot\spring-boot-starter-web\2.3.4.RELEASE\spring-boot-starter-web-2.3.4.RELEASE.jar;C:\Users\aandb\.m2\repository\org\springframework\boot\spring-boot-starter\2.3.4.RELEASE\spring-boot-starter-2.3.4.RELEASE.jar;C:\Users\aandb\.m2\repository\org\springframework\boot\spring-boot\2.3.4.RELEASE\spring-boot-2.3.4.RELEASE.jar;C:\Users\aandb\.m2\repository\org\springframework\boot\spring-boot-autoconfigure\2.3.4.RELEASE\spring-boot-autoconfigure-2.3.4.RELEASE.jar;C:\Users\aandb\.m2\repository\org\springframework\boot\spring-boot-starter-logging\2.3.4.RELEASE\spring-boot-starter-logging-2.3.4.RELEASE.jar;C:\Users\aandb\.m2\repository\ch\qos\logback\logback-classic\1.2.3\logback-classic-1.2.3.jar;C:\Users\aandb\.m2\repository\ch\qos\logback\logback-core\1.2.3\logback-core-1.2.3.jar;C:\Users\aandb\.m2\repository\org\apache\logging\log4j\log4j-to-slf4j\2.13.2.redhat-00002\log4j-to-slf4j-2.13.2.redhat-00002.jar;C:\Users\aandb\.m2\repository\org\apache\logging\log4j\log4j-api\2.13.2.redhat-00002\log4j-api-2.13.2.redhat-00002.jar;C:\Users\aandb\.m2\repository\org\slf4j\jul-to-slf4j\1.7.30\jul-to-slf4j-1.7.30.jar;C:\Users\aandb\.m2\repository\jakarta\annotation\jakarta.annotation-api\1.3.5\jakarta.annotation-api-1.3.5.jar;C:\Users\aandb\.m2\repository\org\yaml\snakeyaml\1.26.0.redhat-00002\snakeyaml-1.26.0.redhat-00002.jar;C:\Users\aandb\.m2\repository\org\springframework\boot\spring-boot-starter-json\2.3.4.RELEASE\spring-boot-starter-json-2.3.4.RELEASE.jar;C:\Users\aandb\.m2\repository\com\fasterxml\jackson\core\jackson-databind\2.9.10.4-redhat-00001\jackson-databind-2.9.10.4-redhat-00001.jar;C:\Users\aandb\.m2\repository\com\fasterxml\jackson\core\jackson-annotations\2.9.10\jackson-annotations-2.9.10.jar;C:\Users\aandb\.m2\repository\com\fasterxml\jackson\datatype\jackson-datatype-jdk8\2.9.10\jackson-datatype-jdk8-2.9.10.jar;C:\Users\aandb\.m2\repository\com\fasterxml\jackson\datatype\jackson-datatype-jsr310\2.9.10\jackson-datatype-jsr310-2.9.10.jar;C:\Users\aandb\.m2\repository\com\fasterxml\jackson\module\jackson-module-parameter-names\2.9.10\jackson-module-parameter-names-2.9.10.jar;C:\Users\aandb\.m2\repository\org\springframework\spring-web\5.2.9.RELEASE\spring-web-5.2.9.RELEASE.jar;C:\Users\aandb\.m2\repository\org\springframework\spring-beans\5.2.9.RELEASE\spring-beans-5.2.9.RELEASE.jar;C:\Users\aandb\.m2\repository\org\springframework\spring-webmvc\5.2.9.RELEASE\spring-webmvc-5.2.9.RELEASE.jar;C:\Users\aandb\.m2\repository\org\springframework\spring-aop\5.2.9.RELEASE\spring-aop-5.2.9.RELEASE.jar;C:\Users\aandb\.m2\repository\org\springframework\spring-context\5.2.9.RELEASE\spring-context-5.2.9.RELEASE.jar;C:\Users\aandb\.m2\repository\org\springframework\spring-expression\5.2.9.RELEASE\spring-expression-5.2.9.RELEASE.jar;C:\Users\aandb\.m2\repository\org\springframework\boot\spring-boot-starter-undertow\2.3.4.RELEASE\spring-boot-starter-undertow-2.3.4.RELEASE.jar;C:\Users\aandb\.m2\repository\io\undertow\undertow-core\2.0.30.SP4-redhat-00001\undertow-core-2.0.30.SP4-redhat-00001.jar;C:\Users\aandb\.m2\repository\org\jboss\logging\jboss-logging\3.4.1.Final\jboss-logging-3.4.1.Final.jar;C:\Users\aandb\.m2\repository\org\jboss\xnio\xnio-api\3.5.9.Final\xnio-api-3.5.9.Final.jar;C:\Users\aandb\.m2\repository\org\wildfly\common\wildfly-common\1.2.0.Final\wildfly-common-1.2.0.Final.jar;C:\Users\aandb\.m2\repository\org\wildfly\client\wildfly-client-config\1.0.0.Final\wildfly-client-config-1.0.0.Final.jar;C:\Users\aandb\.m2\repository\org\jboss\xnio\xnio-nio\3.5.9.Final\xnio-nio-3.5.9.Final.jar;C:\Users\aandb\.m2\repository\io\undertow\undertow-servlet\2.0.30.SP4-redhat-00001\undertow-servlet-2.0.30.SP4-redhat-00001.jar;C:\Users\aandb\.m2\repository\io\undertow\undertow-websockets-jsr\2.0.30.SP4-redhat-00001\undertow-websockets-jsr-2.0.30.SP4-redhat-00001.jar;C:\Users\aandb\.m2\repository\org\jboss\spec\javax\websocket\jboss-websocket-api_1.1_spec\1.1.4.Final\jboss-websocket-api_1.1_spec-1.1.4.Final.jar;C:\Users\aandb\.m2\repository\jakarta\servlet\jakarta.servlet-api\4.0.4\jakarta.servlet-api-4.0.4.jar;C:\Users\aandb\.m2\repository\org\glassfish\jakarta.el\3.0.3\jakarta.el-3.0.3.jar;C:\Users\aandb\.m2\repository\org\springframework\boot\spring-boot-starter-actuator\2.3.4.RELEASE\spring-boot-starter-actuator-2.3.4.RELEASE.jar;C:\Users\aandb\.m2\repository\org\springframework\boot\spring-boot-actuator-autoconfigure\2.3.4.RELEASE\spring-boot-actuator-autoconfigure-2.3.4.RELEASE.jar;C:\Users\aandb\.m2\repository\io\micrometer\micrometer-core\1.5.5\micrometer-core-1.5.5.jar;C:\Users\aandb\.m2\repository\org\hdrhistogram\HdrHistogram\2.1.12\HdrHistogram-2.1.12.jar;C:\Users\aandb\.m2\repository\org\latencyutils\LatencyUtils\2.0.3\LatencyUtils-2.0.3.jar;C:\Users\aandb\.m2\repository\org\springframework\cloud\spring-cloud-starter-kubernetes-config\1.0.4.RELEASE\spring-cloud-starter-kubernetes-config-1.0.4.RELEASE.jar;C:\Users\aandb\.m2\repository\org\springframework\cloud\spring-cloud-kubernetes-core\1.0.4.RELEASE\spring-cloud-kubernetes-core-1.0.4.RELEASE.jar;C:\Users\aandb\.m2\repository\org\springframework\cloud\spring-cloud-context\2.1.4.RELEASE\spring-cloud-context-2.1.4.RELEASE.jar;C:\Users\aandb\.m2\repository\org\springframework\security\spring-security-crypto\5.3.3.RELEASE\spring-security-crypto-5.3.3.RELEASE.jar;C:\Users\aandb\.m2\repository\org\springframework\cloud\spring-cloud-kubernetes-config\1.0.4.RELEASE\spring-cloud-kubernetes-config-1.0.4.RELEASE.jar;C:\Users\aandb\.m2\repository\org\springframework\security\spring-security-rsa\1.0.7.RELEASE\spring-security-rsa-1.0.7.RELEASE.jar;C:\Users\aandb\.m2\repository\org\bouncycastle\bcpkix-jdk15on\1.60\bcpkix-jdk15on-1.60.jar;C:\Users\aandb\.m2\repository\org\bouncycastle\bcprov-jdk15on\1.66\bcprov-jdk15on-1.66.jar;C:\Users\aandb\.m2\repository\org\apache\camel\camel-spring-boot-starter\2.23.2.fuse-780036-redhat-00001\camel-spring-boot-starter-2.23.2.fuse-780036-redhat-00001.jar;C:\Users\aandb\.m2\repository\org\apache\camel\camel-spring-boot\2.23.2.fuse-780036-redhat-00001\camel-spring-boot-2.23.2.fuse-780036-redhat-00001.jar;C:\Users\aandb\.m2\repository\org\apache\camel\camel-spring\2.23.2.fuse-780036-redhat-00001\camel-spring-2.23.2.fuse-780036-redhat-00001.jar;C:\Users\aandb\.m2\repository\org\springframework\spring-tx\5.2.9.RELEASE\spring-tx-5.2.9.RELEASE.jar;C:\Users\aandb\.m2\repository\org\apache\camel\camel-core-starter\2.23.2.fuse-780036-redhat-00001\camel-core-starter-2.23.2.fuse-780036-redhat-00001.jar;C:\Users\aandb\.m2\repository\org\apache\camel\camel-http-starter\2.23.2.fuse-780036-redhat-00001\camel-http-starter-2.23.2.fuse-780036-redhat-00001.jar;C:\Users\aandb\.m2\repository\org\apache\camel\camel-http\2.23.2.fuse-780036-redhat-00001\camel-http-2.23.2.fuse-780036-redhat-00001.jar;C:\Users\aandb\.m2\repository\org\apache\camel\camel-http-common\2.23.2.fuse-780036-redhat-00001\camel-http-common-2.23.2.fuse-780036-redhat-00001.jar;C:\Users\aandb\.m2\repository\javax\servlet\javax.servlet-api\4.0.1\javax.servlet-api-4.0.1.jar;C:\Users\aandb\.m2\repository\commons-httpclient\commons-httpclient\3.1.0.redhat-8\commons-httpclient-3.1.0.redhat-8.jar;C:\Users\aandb\.m2\repository\commons-codec\commons-codec\1.14.0.redhat-00001\commons-codec-1.14.0.redhat-00001.jar;C:\Users\aandb\.m2\repository\org\apache\camel\camel-servlet-starter\2.23.2.fuse-780036-redhat-00001\camel-servlet-starter-2.23.2.fuse-780036-redhat-00001.jar;C:\Users\aandb\.m2\repository\org\apache\camel\camel-servlet\2.23.2.fuse-780036-redhat-00001\camel-servlet-2.23.2.fuse-780036-redhat-00001.jar;C:\Users\aandb\.m2\repository\org\apache\camel\camel-jackson-starter\2.23.2.fuse-780036-redhat-00001\camel-jackson-starter-2.23.2.fuse-780036-redhat-00001.jar;C:\Users\aandb\.m2\repository\org\apache\camel\camel-jackson\2.23.2.fuse-780036-redhat-00001\camel-jackson-2.23.2.fuse-780036-redhat-00001.jar;C:\Users\aandb\.m2\repository\com\fasterxml\jackson\module\jackson-module-jaxb-annotations\2.9.10\jackson-module-jaxb-annotations-2.9.10.jar;C:\Users\aandb\.m2\repository\org\springframework\boot\spring-boot-starter-test\2.3.4.RELEASE\spring-boot-starter-test-2.3.4.RELEASE.jar;C:\Users\aandb\.m2\repository\org\springframework\boot\spring-boot-test\2.3.4.RELEASE\spring-boot-test-2.3.4.RELEASE.jar;C:\Users\aandb\.m2\repository\org\springframework\boot\spring-boot-test-autoconfigure\2.3.4.RELEASE\spring-boot-test-autoconfigure-2.3.4.RELEASE.jar;C:\Users\aandb\.m2\repository\com\jayway\jsonpath\json-path\2.4.0\json-path-2.4.0.jar;C:\Users\aandb\.m2\repository\net\minidev\json-smart\2.3\json-smart-2.3.jar;C:\Users\aandb\.m2\repository\net\minidev\accessors-smart\1.2\accessors-smart-1.2.jar;C:\Users\aandb\.m2\repository\org\ow2\asm\asm\8.0.1\asm-8.0.1.jar;C:\Users\aandb\.m2\repository\org\slf4j\slf4j-api\1.7.30\slf4j-api-1.7.30.jar;C:\Users\aandb\.m2\repository\jakarta\xml\bind\jakarta.xml.bind-api\2.3.3\jakarta.xml.bind-api-2.3.3.jar;C:\Users\aandb\.m2\repository\jakarta\activation\jakarta.activation-api\1.2.2\jakarta.activation-api-1.2.2.jar;C:\Users\aandb\.m2\repository\org\assertj\assertj-core\3.16.1\assertj-core-3.16.1.jar;C:\Users\aandb\.m2\repository\org\hamcrest\hamcrest\2.2\hamcrest-2.2.jar;C:\Users\aandb\.m2\repository\org\junit\jupiter\junit-jupiter\5.6.2\junit-jupiter-5.6.2.jar;C:\Users\aandb\.m2\repository\org\junit\jupiter\junit-jupiter-api\5.6.2\junit-jupiter-api-5.6.2.jar;C:\Users\aandb\.m2\repository\org\opentest4j\opentest4j\1.2.0\opentest4j-1.2.0.jar;C:\Users\aandb\.m2\repository\org\junit\platform\junit-platform-commons\1.6.2\junit-platform-commons-1.6.2.jar;C:\Users\aandb\.m2\repository\org\junit\jupiter\junit-jupiter-params\5.6.2\junit-jupiter-params-5.6.2.jar;C:\Users\aandb\.m2\repository\org\junit\jupiter\junit-jupiter-engine\5.6.2\junit-jupiter-engine-5.6.2.jar;C:\Users\aandb\.m2\repository\org\junit\vintage\junit-vintage-engine\5.6.2\junit-vintage-engine-5.6.2.jar;C:\Users\aandb\.m2\repository\org\apiguardian\apiguardian-api\1.1.0\apiguardian-api-1.1.0.jar;C:\Users\aandb\.m2\repository\org\junit\platform\junit-platform-engine\1.6.2\junit-platform-engine-1.6.2.jar;C:\Users\aandb\.m2\repository\org\mockito\mockito-core\3.3.3\mockito-core-3.3.3.jar;C:\Users\aandb\.m2\repository\net\bytebuddy\byte-buddy\1.10.14\byte-buddy-1.10.14.jar;C:\Users\aandb\.m2\repository\net\bytebuddy\byte-buddy-agent\1.10.14\byte-buddy-agent-1.10.14.jar;C:\Users\aandb\.m2\repository\org\objenesis\objenesis\2.6\objenesis-2.6.jar;C:\Users\aandb\.m2\repository\org\mockito\mockito-junit-jupiter\3.3.3\mockito-junit-jupiter-3.3.3.jar;C:\Users\aandb\.m2\repository\org\skyscreamer\jsonassert\1.5.0\jsonassert-1.5.0.jar;C:\Users\aandb\.m2\repository\com\vaadin\external\google\android-json\0.0.20131108.vaadin1\android-json-0.0.20131108.vaadin1.jar;C:\Users\aandb\.m2\repository\org\springframework\spring-core\5.2.9.RELEASE\spring-core-5.2.9.RELEASE.jar;C:\Users\aandb\.m2\repository\org\springframework\spring-jcl\5.2.9.RELEASE\spring-jcl-5.2.9.RELEASE.jar;C:\Users\aandb\.m2\repository\org\springframework\spring-test\5.2.9.RELEASE\spring-test-5.2.9.RELEASE.jar;C:\Users\aandb\.m2\repository\org\xmlunit\xmlunit-core\2.7.0\xmlunit-core-2.7.0.jar;C:\Users\aandb\.m2\repository\org\apache\camel\camel-test\2.23.2.fuse-780036-redhat-00001\camel-test-2.23.2.fuse-780036-redhat-00001.jar;C:\Users\aandb\.m2\repository\org\apache\camel\camel-core\2.23.2.fuse-780036-redhat-00001\camel-core-2.23.2.fuse-780036-redhat-00001.jar;C:\Users\aandb\.m2\repository\com\sun\xml\bind\jaxb-core\2.3.0\jaxb-core-2.3.0.jar;C:\Users\aandb\.m2\repository\com\sun\xml\bind\jaxb-impl\2.3.0\jaxb-impl-2.3.0.jar;C:\Users\aandb\.m2\repository\junit\junit\4.13\junit-4.13.jar;C:\Users\aandb\.m2\repository\org\hamcrest\hamcrest-core\2.2\hamcrest-core-2.2.jar;C:\Users\aandb\.m2\repository\io\fabric8\openshift-client\4.6.2\openshift-client-4.6.2.jar;C:\Users\aandb\.m2\repository\io\fabric8\kubernetes-client\4.6.2.fuse-780004-redhat-00001\kubernetes-client-4.6.2.fuse-780004-redhat-00001.jar;C:\Users\aandb\.m2\repository\io\fabric8\kubernetes-model\4.6.2\kubernetes-model-4.6.2.jar;C:\Users\aandb\.m2\repository\io\fabric8\kubernetes-model-common\4.6.2.fuse-780004-redhat-00001\kubernetes-model-common-4.6.2.fuse-780004-redhat-00001.jar;C:\Users\aandb\.m2\repository\javax\annotation\javax.annotation-api\1.3.2\javax.annotation-api-1.3.2.jar;C:\Users\aandb\.m2\repository\javax\xml\bind\jaxb-api\2.3.0.redhat-00003\jaxb-api-2.3.0.redhat-00003.jar;C:\Users\aandb\.m2\repository\com\squareup\okhttp3\logging-interceptor\3.14.9\logging-interceptor-3.14.9.jar;C:\Users\aandb\.m2\repository\com\fasterxml\jackson\dataformat\jackson-dataformat-yaml\2.9.10\jackson-dataformat-yaml-2.9.10.jar;C:\Users\aandb\.m2\repository\com\fasterxml\jackson\core\jackson-core\2.9.10\jackson-core-2.9.10.jar;C:\Users\aandb\.m2\repository\io\fabric8\zjsonpatch\0.3.0.redhat-00001\zjsonpatch-0.3.0.redhat-00001.jar;C:\Users\aandb\.m2\repository\com\github\mifmif\generex\1.0.2.redhat-1\generex-1.0.2.redhat-1.jar;C:\Users\aandb\.m2\repository\dk\brics\automaton\automaton\1.11.8.redhat-1\automaton-1.11.8.redhat-1.jar;C:\Users\aandb\.m2\repository\org\arquillian\cube\arquillian-cube-requirement\1.8.2.fuse-780002-redhat-00001\arquillian-cube-requirement-1.8.2.fuse-780002-redhat-00001.jar;C:\Users\aandb\.m2\repository\org\arquillian\cube\arquillian-cube-spi\1.8.2.fuse-780002-redhat-00001\arquillian-cube-spi-1.8.2.fuse-780002-redhat-00001.jar;C:\Users\aandb\.m2\repository\org\arquillian\reporter\arquillian-core-reporter-api\0.0.3\arquillian-core-reporter-api-0.0.3.jar;C:\Users\aandb\.m2\repository\org\arquillian\reporter\arquillian-reporter-api\0.0.3\arquillian-reporter-api-0.0.3.jar;C:\Users\aandb\.m2\repository\org\arquillian\cube\arquillian-cube-requirement-spi\1.8.2.fuse-780002-redhat-00001\arquillian-cube-requirement-spi-1.8.2.fuse-780002-redhat-00001.jar;C:\Users\aandb\.m2\repository\org\jboss\arquillian\junit\arquillian-junit-core\1.4.1.Final\arquillian-junit-core-1.4.1.Final.jar;C:\Users\aandb\.m2\repository\org\arquillian\cube\arquillian-cube-openshift\1.8.2.fuse-780002-redhat-00001\arquillian-cube-openshift-1.8.2.fuse-780002-redhat-00001.jar;C:\Users\aandb\.m2\repository\org\arquillian\cube\arquillian-cube-api\1.8.2.fuse-780002-redhat-00001\arquillian-cube-api-1.8.2.fuse-780002-redhat-00001.jar;C:\Users\aandb\.m2\repository\org\arquillian\cube\arquillian-cube-core\1.8.2.fuse-780002-redhat-00001\arquillian-cube-core-1.8.2.fuse-780002-redhat-00001.jar;C:\Users\aandb\.m2\repository\commons-io\commons-io\2.7.0.redhat-00003\commons-io-2.7.0.redhat-00003.jar;C:\Users\aandb\.m2\repository\org\apache\commons\commons-compress\1.5-redhat-1\commons-compress-1.5-redhat-1.jar;C:\Users\aandb\.m2\repository\org\apache\commons\commons-lang3\3.10.0.redhat-00001\commons-lang3-3.10.0.redhat-00001.jar;C:\Users\aandb\.m2\repository\org\arquillian\cube\arquillian-cube-kubernetes\1.8.2.fuse-780002-redhat-00001\arquillian-cube-kubernetes-1.8.2.fuse-780002-redhat-00001.jar;C:\Users\aandb\.m2\repository\org\arquillian\cube\fabric8-maven-plugin-build\1.8.2.fuse-780002-redhat-00001\fabric8-maven-plugin-build-1.8.2.fuse-780002-redhat-00001.jar;C:\Users\aandb\.m2\repository\org\jboss\shrinkwrap\resolver\shrinkwrap-resolver-impl-maven-embedded\3.0.1\shrinkwrap-resolver-impl-maven-embedded-3.0.1.jar;C:\Users\aandb\.m2\repository\org\jboss\shrinkwrap\shrinkwrap-impl-base\1.2.6\shrinkwrap-impl-base-1.2.6.jar;C:\Users\aandb\.m2\repository\org\jboss\shrinkwrap\shrinkwrap-spi\1.2.6\shrinkwrap-spi-1.2.6.jar;C:\Users\aandb\.m2\repository\org\jboss\shrinkwrap\resolver\shrinkwrap-resolver-api-maven-embedded\3.0.1\shrinkwrap-resolver-api-maven-embedded-3.0.1.jar;C:\Users\aandb\.m2\repository\org\apache\maven\shared\maven-invoker\3.0.0\maven-invoker-3.0.0.jar;C:\Users\aandb\.m2\repository\org\codehaus\plexus\plexus-component-annotations\1.7\plexus-component-annotations-1.7.jar;C:\Users\aandb\.m2\repository\org\fusesource\jansi\jansi\1.11.0.redhat-2\jansi-1.11.0.redhat-2.jar;C:\Users\aandb\.m2\repository\org\jboss\shrinkwrap\resolver\shrinkwrap-resolver-api\2.2.6\shrinkwrap-resolver-api-2.2.6.jar;C:\Users\aandb\.m2\repository\org\jboss\shrinkwrap\resolver\shrinkwrap-resolver-spi\2.2.6\shrinkwrap-resolver-spi-2.2.6.jar;C:\Users\aandb\.m2\repository\org\jboss\shrinkwrap\resolver\shrinkwrap-resolver-api-maven\2.2.6\shrinkwrap-resolver-api-maven-2.2.6.jar;C:\Users\aandb\.m2\repository\org\jboss\shrinkwrap\resolver\shrinkwrap-resolver-spi-maven\2.2.6\shrinkwrap-resolver-spi-maven-2.2.6.jar;C:\Users\aandb\.m2\repository\org\jboss\shrinkwrap\resolver\shrinkwrap-resolver-api-maven-archive\2.2.6\shrinkwrap-resolver-api-maven-archive-2.2.6.jar;C:\Users\aandb\.m2\repository\org\jboss\shrinkwrap\resolver\shrinkwrap-resolver-impl-maven\2.2.6\shrinkwrap-resolver-impl-maven-2.2.6.jar;C:\Users\aandb\.m2\repository\org\eclipse\aether\aether-api\1.0.0.v20140518\aether-api-1.0.0.v20140518.jar;C:\Users\aandb\.m2\repository\org\eclipse\aether\aether-impl\1.0.0.v20140518\aether-impl-1.0.0.v20140518.jar;C:\Users\aandb\.m2\repository\org\eclipse\aether\aether-spi\1.0.0.v20140518\aether-spi-1.0.0.v20140518.jar;C:\Users\aandb\.m2\repository\org\eclipse\aether\aether-util\1.0.0.v20140518\aether-util-1.0.0.v20140518.jar;C:\Users\aandb\.m2\repository\org\eclipse\aether\aether-connector-basic\1.0.0.v20140518\aether-connector-basic-1.0.0.v20140518.jar;C:\Users\aandb\.m2\repository\org\eclipse\aether\aether-transport-wagon\1.0.0.v20140518\aether-transport-wagon-1.0.0.v20140518.jar;C:\Users\aandb\.m2\repository\org\apache\maven\maven-aether-provider\3.2.5\maven-aether-provider-3.2.5.jar;C:\Users\aandb\.m2\repository\org\apache\maven\maven-model\3.2.5\maven-model-3.2.5.jar;C:\Users\aandb\.m2\repository\org\apache\maven\maven-model-builder\3.2.5\maven-model-builder-3.2.5.jar;C:\Users\aandb\.m2\repository\org\apache\maven\maven-repository-metadata\3.2.5\maven-repository-metadata-3.2.5.jar;C:\Users\aandb\.m2\repository\org\apache\maven\maven-settings\3.2.5\maven-settings-3.2.5.jar;C:\Users\aandb\.m2\repository\org\apache\maven\maven-settings-builder\3.2.5\maven-settings-builder-3.2.5.jar;C:\Users\aandb\.m2\repository\org\codehaus\plexus\plexus-interpolation\1.21\plexus-interpolation-1.21.jar;C:\Users\aandb\.m2\repository\org\codehaus\plexus\plexus-utils\3.0.20\plexus-utils-3.0.20.jar;C:\Users\aandb\.m2\repository\org\sonatype\plexus\plexus-sec-dispatcher\1.3\plexus-sec-dispatcher-1.3.jar;C:\Users\aandb\.m2\repository\org\sonatype\plexus\plexus-cipher\1.4\plexus-cipher-1.4.jar;C:\Users\aandb\.m2\repository\org\apache\maven\wagon\wagon-provider-api\2.6\wagon-provider-api-2.6.jar;C:\Users\aandb\.m2\repository\org\apache\maven\wagon\wagon-file\2.6\wagon-file-2.6.jar;C:\Users\aandb\.m2\repository\commons-lang\commons-lang\2.6\commons-lang-2.6.jar;C:\Users\aandb\.m2\repository\org\apache\maven\wagon\wagon-http-lightweight\2.6\wagon-http-lightweight-2.6.jar;C:\Users\aandb\.m2\repository\org\apache\maven\wagon\wagon-http-shared\2.6\wagon-http-shared-2.6.jar;C:\Users\aandb\.m2\repository\org\jsoup\jsoup\1.7.2\jsoup-1.7.2.jar;C:\Users\aandb\.m2\repository\org\jboss\shrinkwrap\resolver\shrinkwrap-resolver-impl-maven-archive\2.2.6\shrinkwrap-resolver-impl-maven-archive-2.2.6.jar;C:\Users\aandb\.m2\repository\org\jboss\shrinkwrap\resolver\shrinkwrap-resolver-spi-maven-archive\2.2.6\shrinkwrap-resolver-spi-maven-archive-2.2.6.jar;C:\Users\aandb\.m2\repository\org\eclipse\sisu\org.eclipse.sisu.plexus\0.3.0.M1\org.eclipse.sisu.plexus-0.3.0.M1.jar;C:\Users\aandb\.m2\repository\javax\enterprise\cdi-api\1.2.0.redhat-2\cdi-api-1.2.0.redhat-2.jar;C:\Users\aandb\.m2\repository\javax\el\javax.el-api\3.0.0\javax.el-api-3.0.0.jar;C:\Users\aandb\.m2\repository\javax\interceptor\javax.interceptor-api\1.2\javax.interceptor-api-1.2.jar;C:\Users\aandb\.m2\repository\org\eclipse\sisu\org.eclipse.sisu.inject\0.3.0.M1\org.eclipse.sisu.inject-0.3.0.M1.jar;C:\Users\aandb\.m2\repository\org\codehaus\plexus\plexus-compiler-javac\2.3\plexus-compiler-javac-2.3.jar;C:\Users\aandb\.m2\repository\org\codehaus\plexus\plexus-compiler-api\2.3\plexus-compiler-api-2.3.jar;C:\Users\aandb\.m2\repository\org\arquillian\spacelift\arquillian-spacelift\1.0.2\arquillian-spacelift-1.0.2.jar;C:\Users\aandb\.m2\repository\org\arquillian\spacelift\arquillian-spacelift-api\1.0.2\arquillian-spacelift-api-1.0.2.jar;C:\Users\aandb\.m2\repository\org\jboss\arquillian\core\arquillian-core-spi\1.4.1.Final\arquillian-core-spi-1.4.1.Final.jar;C:\Users\aandb\.m2\repository\org\jboss\arquillian\core\arquillian-core-api\1.4.1.Final\arquillian-core-api-1.4.1.Final.jar;C:\Users\aandb\.m2\repository\org\jboss\arquillian\config\arquillian-config-api\1.4.1.Final\arquillian-config-api-1.4.1.Final.jar;C:\Users\aandb\.m2\repository\org\jboss\shrinkwrap\descriptors\shrinkwrap-descriptors-api-base\2.0.0\shrinkwrap-descriptors-api-base-2.0.0.jar;C:\Users\aandb\.m2\repository\org\jboss\arquillian\test\arquillian-test-spi\1.4.1.Final\arquillian-test-spi-1.4.1.Final.jar;C:\Users\aandb\.m2\repository\org\jboss\arquillian\test\arquillian-test-api\1.4.1.Final\arquillian-test-api-1.4.1.Final.jar;C:\Users\aandb\.m2\repository\org\awaitility\awaitility\4.0.3\awaitility-4.0.3.jar;C:\Users\aandb\.m2\repository\io\github\lukehutch\fast-classpath-scanner\2.9.3\fast-classpath-scanner-2.9.3.jar;C:\Users\aandb\.m2\repository\javax\inject\javax.inject\1.0.0.redhat-6\javax.inject-1.0.0.redhat-6.jar;C:\Users\aandb\.m2\repository\io\fabric8\kubernetes-openshift-uberjar\4.6.2\kubernetes-openshift-uberjar-4.6.2-versioned.jar;C:\Users\aandb\.m2\repository\org\arquillian\cube\arquillian-cube-openshift-api\1.8.2.fuse-780002-redhat-00001\arquillian-cube-openshift-api-1.8.2.fuse-780002-redhat-00001.jar;C:\Users\aandb\.m2\repository\org\jboss\jboss-dmr\1.2.0.Final-redhat-1\jboss-dmr-1.2.0.Final-redhat-1.jar;C:\Users\aandb\.m2\repository\org\jboss\shrinkwrap\shrinkwrap-api\1.2.6\shrinkwrap-api-1.2.6.jar;C:\Users\aandb\.m2\repository\org\jboss\shrinkwrap\descriptors\shrinkwrap-descriptors-impl-javaee\2.0.0\shrinkwrap-descriptors-impl-javaee-2.0.0.jar;C:\Users\aandb\.m2\repository\org\jboss\shrinkwrap\descriptors\shrinkwrap-descriptors-api-javaee\2.0.0\shrinkwrap-descriptors-api-javaee-2.0.0.jar;C:\Users\aandb\.m2\repository\org\jboss\shrinkwrap\descriptors\shrinkwrap-descriptors-impl-base\2.0.0\shrinkwrap-descriptors-impl-base-2.0.0.jar;C:\Users\aandb\.m2\repository\org\javassist\javassist\3.18.1.GA-redhat-2\javassist-3.18.1.GA-redhat-2.jar;C:\Users\aandb\.m2\repository\com\fasterxml\jackson\jaxrs\jackson-jaxrs-json-provider\2.9.10\jackson-jaxrs-json-provider-2.9.10.jar;C:\Users\aandb\.m2\repository\com\fasterxml\jackson\jaxrs\jackson-jaxrs-base\2.9.10\jackson-jaxrs-base-2.9.10.jar;C:\Users\aandb\.m2\repository\com\squareup\okhttp3\okhttp\3.14.9\okhttp-3.14.9.jar;C:\Users\aandb\.m2\repository\com\squareup\okio\okio\1.17.2\okio-1.17.2.jar;C:\Users\aandb\.m2\repository\org\kohsuke\metainf-services\metainf-services\1.6\metainf-services-1.6.jar;C:\Users\aandb\.m2\repository\org\jolokia\jolokia-client-java\1.6.2.redhat-00002\jolokia-client-java-1.6.2.redhat-00002.jar;C:\Users\aandb\.m2\repository\com\googlecode\json-simple\json-simple\1.1.1.redhat-1\json-simple-1.1.1.redhat-1.jar;C:\Users\aandb\.m2\repository\org\apache\httpcomponents\httpcore\4.4.9\httpcore-4.4.9.jar;C:\Users\aandb\.m2\repository\org\jboss\arquillian\junit\arquillian-junit-standalone\1.4.1.Final\arquillian-junit-standalone-1.4.1.Final.jar;C:\Users\aandb\.m2\repository\org\jboss\arquillian\core\arquillian-core-impl-base\1.4.1.Final\arquillian-core-impl-base-1.4.1.Final.jar;C:\Users\aandb\.m2\repository\org\jboss\arquillian\test\arquillian-test-impl-base\1.4.1.Final\arquillian-test-impl-base-1.4.1.Final.jar;C:\Users\aandb\.m2\repository\org\jboss\arquillian\config\arquillian-config-impl-base\1.4.1.Final\arquillian-config-impl-base-1.4.1.Final.jar;C:\Users\aandb\.m2\repository\org\jboss\arquillian\config\arquillian-config-spi\1.4.1.Final\arquillian-config-spi-1.4.1.Final.jar;C:\Users\aandb\.m2\repository\org\jboss\shrinkwrap\descriptors\shrinkwrap-descriptors-spi\2.0.0\shrinkwrap-descriptors-spi-2.0.0.jar;C:\Users\aandb\.m2\repository\io\hawt\hawtio-springboot\2.0.0.fuse-sb2-780022-redhat-00001\hawtio-springboot-2.0.0.fuse-sb2-780022-redhat-00001.jar;C:\Users\aandb\.m2\repository\io\hawt\hawtio-system\2.0.0.fuse-sb2-780022-redhat-00001\hawtio-system-2.0.0.fuse-sb2-780022-redhat-00001.jar;C:\Users\aandb\.m2\repository\io\hawt\hawtio-core\2.0.0.fuse-sb2-780022-redhat-00001\hawtio-core-2.0.0.fuse-sb2-780022-redhat-00001.jar;C:\Users\aandb\.m2\repository\io\hawt\hawtio-util\2.0.0.fuse-sb2-780022-redhat-00001\hawtio-util-2.0.0.fuse-sb2-780022-redhat-00001.jar;C:\Users\aandb\.m2\repository\org\jolokia\jolokia-core\1.6.2\jolokia-core-1.6.2.jar;C:\Users\aandb\.m2\repository\org\apache\httpcomponents\httpclient\4.5.5\httpclient-4.5.5.jar;C:\Users\aandb\.m2\repository\commons-logging\commons-logging\1.2.0.redhat-3\commons-logging-1.2.0.redhat-3.jar;C:\Users\aandb\.m2\repository\com\google\guava\guava\27.1-jre\guava-27.1-jre.jar;C:\Users\aandb\.m2\repository\com\google\guava\failureaccess\1.0.1\failureaccess-1.0.1.jar;C:\Users\aandb\.m2\repository\com\google\guava\listenablefuture\9999.0-empty-to-avoid-conflict-with-guava\listenablefuture-9999.0-empty-to-avoid-conflict-with-guava.jar;C:\Users\aandb\.m2\repository\com\google\code\findbugs\jsr305\3.0.2\jsr305-3.0.2.jar;C:\Users\aandb\.m2\repository\org\checkerframework\checker-qual\2.5.2\checker-qual-2.5.2.jar;C:\Users\aandb\.m2\repository\com\google\errorprone\error_prone_annotations\2.2.0\error_prone_annotations-2.2.0.jar;C:\Users\aandb\.m2\repository\com\google\j2objc\j2objc-annotations\1.1\j2objc-annotations-1.1.jar;C:\Users\aandb\.m2\repository\org\codehaus\mojo\animal-sniffer-annotations\1.17\animal-sniffer-annotations-1.17.jar;C:\Users\aandb\.m2\repository\org\json\json\20171018\json-20171018.jar;C:\Users\aandb\.m2\repository\org\springframework\boot\spring-boot-actuator\2.3.4.RELEASE\spring-boot-actuator-2.3.4.RELEASE.jar;"/>
    <property name="sun.cpu.endian" value="little"/>
    <property name="user.home" value="C:\Users\aandb"/>
    <property name="user.language" value="ja"/>
    <property name="java.specification.vendor" value="Oracle Corporation"/>
    <property name="java.version.date" value="2021-10-19"/>
    <property name="java.home" value="C:\openjdk\jdk-17.0.1"/>
    <property name="file.separator" value="\"/>
    <property name="style.color" value="always"/>
    <property name="basedir" value="C:\Users\aandb\Documents\Fuse\ex-configuration\ex-configuration"/>
    <property name="java.vm.compressedOopsMode" value="Zero based"/>
    <property name="line.separator" value="&#10;"/>
    <property name="java.vm.specification.vendor" value="Oracle Corporation"/>
    <property name="java.specification.name" value="Java Platform API Specification"/>
    <property name="surefire.real.class.path" value="C:\Users\aandb\AppData\Local\Temp\surefire201241433156676433\surefirebooter14367455787823933391.jar"/>
    <property name="user.script" value=""/>
    <property name="sun.management.compiler" value="HotSpot 64-Bit Tiered Compilers"/>
    <property name="java.runtime.version" value="17.0.1+12-39"/>
    <property name="user.name" value="aandb"/>
    <property name="path.separator" value=";"/>
    <property name="os.version" value="10.0"/>
    <property name="java.runtime.name" value="OpenJDK Runtime Environment"/>
    <property name="file.encoding" value="MS932"/>
    <property name="java.vm.name" value="OpenJDK 64-Bit Server VM"/>
    <property name="localRepository" value="C:\Users\aandb\.m2\repository"/>
    <property name="java.vendor.url.bug" value="https://bugreport.java.com/bugreport/"/>
    <property name="java.io.tmpdir" value="C:\Users\aandb\AppData\Local\Temp\"/>
    <property name="java.version" value="17.0.1"/>
    <property name="user.dir" value="C:\Users\aandb\Documents\Fuse\ex-configuration\ex-configuration"/>
    <property name="os.arch" value="amd64"/>
    <property name="java.vm.specification.name" value="Java Virtual Machine Specification"/>
    <property name="sun.os.patch.level" value=""/>
    <property name="native.encoding" value="MS932"/>
    <property name="java.library.path" value="C:\openjdk\jdk-17.0.1\bin;C:\Windows\Sun\Java\bin;C:\Windows\system32;C:\Windows;C:\Windows\system32;C:\Windows;C:\Windows\System32\Wbem;C:\Windows\System32\WindowsPowerShell\v1.0\;C:\Windows\System32\OpenSSH\;C:\Program Files (x86)\NVIDIA Corporation\PhysX\Common;C:\Program Files\NVIDIA Corporation\NVIDIA NvDLISR;C:\Program Files (x86)\Google\Cloud SDK\google-cloud-sdk\bin;C:\Program Files\PuTTY\;%JAVA_HOME%\bin;C:\Users\aandb\AppData\Local\Microsoft\WindowsApps;;."/>
    <property name="java.vm.info" value="mixed mode, sharing"/>
    <property name="java.vendor" value="Oracle Corporation"/>
    <property name="java.vm.version" value="17.0.1+12-39"/>
    <property name="sun.io.unicode.encoding" value="UnicodeLittle"/>
    <property name="java.class.version" value="61.0"/>
  </properties>
  <testcase name="healthShouldReturnOkMessage" classname="com.redhat.fuse.boosters.configmap.HttpRequestTest" time="0.331">
    <failure message="expected:&lt;{&quot;[status&quot;:&quot;UP]&quot;}&gt; but was:&lt;{&quot;[timestamp&quot;:&quot;2021-11-26T07:10:44.847+0000&quot;,&quot;status&quot;:404,&quot;error&quot;:&quot;Not Found&quot;,&quot;message&quot;:&quot;&quot;,&quot;path&quot;:&quot;/actuator/health]&quot;}&gt;" type="org.junit.ComparisonFailure"><![CDATA[org.junit.ComparisonFailure: expected:<{"[status":"UP]"}> but was:<{"[timestamp":"2021-11-26T07:10:44.847+0000","status":404,"error":"Not Found","message":"","path":"/actuator/health]"}>
	at com.redhat.fuse.boosters.configmap.HttpRequestTest.healthShouldReturnOkMessage(HttpRequestTest.java:29)
]]></failure>
    <system-out><![CDATA[16:10:41.033 [main] DEBUG org.springframework.test.context.junit4.SpringJUnit4ClassRunner - SpringJUnit4ClassRunner constructor called with [class com.redhat.fuse.boosters.configmap.HttpRequestTest]
16:10:41.033 [main] DEBUG org.springframework.test.context.BootstrapUtils - Instantiating CacheAwareContextLoaderDelegate from class [org.springframework.test.context.cache.DefaultCacheAwareContextLoaderDelegate]
16:10:41.033 [main] DEBUG org.springframework.test.context.BootstrapUtils - Instantiating BootstrapContext using constructor [public org.springframework.test.context.support.DefaultBootstrapContext(java.lang.Class,org.springframework.test.context.CacheAwareContextLoaderDelegate)]
16:10:41.033 [main] DEBUG org.springframework.test.context.BootstrapUtils - Instantiating TestContextBootstrapper for test class [com.redhat.fuse.boosters.configmap.HttpRequestTest] from class [org.springframework.boot.test.context.SpringBootTestContextBootstrapper]
16:10:41.034 [main] INFO org.springframework.boot.test.context.SpringBootTestContextBootstrapper - Neither @ContextConfiguration nor @ContextHierarchy found for test class [com.redhat.fuse.boosters.configmap.HttpRequestTest], using SpringBootContextLoader
16:10:41.034 [main] DEBUG org.springframework.test.context.support.AbstractContextLoader - Did not detect default resource location for test class [com.redhat.fuse.boosters.configmap.HttpRequestTest]: class path resource [com/redhat/fuse/boosters/configmap/HttpRequestTest-context.xml] does not exist
16:10:41.034 [main] DEBUG org.springframework.test.context.support.AbstractContextLoader - Did not detect default resource location for test class [com.redhat.fuse.boosters.configmap.HttpRequestTest]: class path resource [com/redhat/fuse/boosters/configmap/HttpRequestTestContext.groovy] does not exist
16:10:41.034 [main] INFO org.springframework.test.context.support.AbstractContextLoader - Could not detect default resource locations for test class [com.redhat.fuse.boosters.configmap.HttpRequestTest]: no resource found for suffixes {-context.xml, Context.groovy}.
16:10:41.035 [main] INFO org.springframework.test.context.support.AnnotationConfigContextLoaderUtils - Could not detect default configuration classes for test class [com.redhat.fuse.boosters.configmap.HttpRequestTest]: HttpRequestTest does not declare any static, non-private, non-final, nested classes annotated with @Configuration.
16:10:41.036 [main] DEBUG org.springframework.test.context.support.ActiveProfilesUtils - Could not find an 'annotation declaring class' for annotation type [org.springframework.test.context.ActiveProfiles] and class [com.redhat.fuse.boosters.configmap.HttpRequestTest]
16:10:41.036 [main] INFO org.springframework.boot.test.context.SpringBootTestContextBootstrapper - Found @SpringBootConfiguration com.redhat.fuse.boosters.configmap.Application for test class com.redhat.fuse.boosters.configmap.HttpRequestTest
16:10:41.037 [main] DEBUG org.springframework.boot.test.context.SpringBootTestContextBootstrapper - @TestExecutionListeners is not present for class [com.redhat.fuse.boosters.configmap.HttpRequestTest]: using defaults.
16:10:41.037 [main] INFO org.springframework.boot.test.context.SpringBootTestContextBootstrapper - Loaded default TestExecutionListener class names from location [META-INF/spring.factories]: [org.springframework.boot.test.mock.mockito.MockitoTestExecutionListener, org.springframework.boot.test.mock.mockito.ResetMocksTestExecutionListener, org.springframework.boot.test.autoconfigure.restdocs.RestDocsTestExecutionListener, org.springframework.boot.test.autoconfigure.web.client.MockRestServiceServerResetTestExecutionListener, org.springframework.boot.test.autoconfigure.web.servlet.MockMvcPrintOnlyOnFailureTestExecutionListener, org.springframework.boot.test.autoconfigure.web.servlet.WebDriverTestExecutionListener, org.springframework.boot.test.autoconfigure.webservices.client.MockWebServiceServerTestExecutionListener, org.springframework.test.context.web.ServletTestExecutionListener, org.springframework.test.context.support.DirtiesContextBeforeModesTestExecutionListener, org.springframework.test.context.support.DependencyInjectionTestExecutionListener, org.springframework.test.context.support.DirtiesContextTestExecutionListener, org.springframework.test.context.transaction.TransactionalTestExecutionListener, org.springframework.test.context.jdbc.SqlScriptsTestExecutionListener, org.springframework.test.context.event.EventPublishingTestExecutionListener]
16:10:41.038 [main] INFO org.springframework.boot.test.context.SpringBootTestContextBootstrapper - Using TestExecutionListeners: [org.springframework.test.context.web.ServletTestExecutionListener@4426bff1, org.springframework.test.context.support.DirtiesContextBeforeModesTestExecutionListener@3c7c886c, org.springframework.boot.test.mock.mockito.MockitoTestExecutionListener@55493582, org.springframework.boot.test.autoconfigure.SpringBootDependencyInjectionTestExecutionListener@1a20270e, org.springframework.test.context.support.DirtiesContextTestExecutionListener@6b88ca8c, org.springframework.test.context.transaction.TransactionalTestExecutionListener@336f1079, org.springframework.test.context.jdbc.SqlScriptsTestExecutionListener@2f16c6b3, org.springframework.test.context.event.EventPublishingTestExecutionListener@34158c08, org.springframework.boot.test.mock.mockito.ResetMocksTestExecutionListener@19e4fcac, org.springframework.boot.test.autoconfigure.restdocs.RestDocsTestExecutionListener@52c3cb31, org.springframework.boot.test.autoconfigure.web.client.MockRestServiceServerResetTestExecutionListener@4b79ac84, org.springframework.boot.test.autoconfigure.web.servlet.MockMvcPrintOnlyOnFailureTestExecutionListener@53941c2f, org.springframework.boot.test.autoconfigure.web.servlet.WebDriverTestExecutionListener@6dab9b6d, org.springframework.boot.test.autoconfigure.webservices.client.MockWebServiceServerTestExecutionListener@21fd5faa]
16:10:41.038 [main] DEBUG org.springframework.test.annotation.ProfileValueUtils - Retrieved @ProfileValueSourceConfiguration [null] for test class [com.redhat.fuse.boosters.configmap.HttpRequestTest]
16:10:41.038 [main] DEBUG org.springframework.test.annotation.ProfileValueUtils - Retrieved ProfileValueSource type [class org.springframework.test.annotation.SystemProfileValueSource] for class [com.redhat.fuse.boosters.configmap.HttpRequestTest]
16:10:41.038 [main] DEBUG org.springframework.test.annotation.ProfileValueUtils - Retrieved @ProfileValueSourceConfiguration [null] for test class [com.redhat.fuse.boosters.configmap.HttpRequestTest]
16:10:41.038 [main] DEBUG org.springframework.test.annotation.ProfileValueUtils - Retrieved ProfileValueSource type [class org.springframework.test.annotation.SystemProfileValueSource] for class [com.redhat.fuse.boosters.configmap.HttpRequestTest]
16:10:41.038 [main] DEBUG org.springframework.test.annotation.ProfileValueUtils - Retrieved @ProfileValueSourceConfiguration [null] for test class [com.redhat.fuse.boosters.configmap.HttpRequestTest]
16:10:41.038 [main] DEBUG org.springframework.test.annotation.ProfileValueUtils - Retrieved ProfileValueSource type [class org.springframework.test.annotation.SystemProfileValueSource] for class [com.redhat.fuse.boosters.configmap.HttpRequestTest]
16:10:41.069 [main] DEBUG org.springframework.test.annotation.ProfileValueUtils - Retrieved @ProfileValueSourceConfiguration [null] for test class [com.redhat.fuse.boosters.configmap.HttpRequestTest]
16:10:41.069 [main] DEBUG org.springframework.test.annotation.ProfileValueUtils - Retrieved ProfileValueSource type [class org.springframework.test.annotation.SystemProfileValueSource] for class [com.redhat.fuse.boosters.configmap.HttpRequestTest]
16:10:41.070 [main] DEBUG org.springframework.test.annotation.ProfileValueUtils - Retrieved @ProfileValueSourceConfiguration [null] for test class [com.redhat.fuse.boosters.configmap.HttpRequestTest]
16:10:41.070 [main] DEBUG org.springframework.test.annotation.ProfileValueUtils - Retrieved ProfileValueSource type [class org.springframework.test.annotation.SystemProfileValueSource] for class [com.redhat.fuse.boosters.configmap.HttpRequestTest]
16:10:41.071 [main] DEBUG org.springframework.test.annotation.ProfileValueUtils - Retrieved @ProfileValueSourceConfiguration [null] for test class [com.redhat.fuse.boosters.configmap.HttpRequestTest]
16:10:41.071 [main] DEBUG org.springframework.test.annotation.ProfileValueUtils - Retrieved ProfileValueSource type [class org.springframework.test.annotation.SystemProfileValueSource] for class [com.redhat.fuse.boosters.configmap.HttpRequestTest]
16:10:41.074 [main] DEBUG org.springframework.test.context.support.AbstractDirtiesContextTestExecutionListener - Before test class: context [DefaultTestContext@62e20a76 testClass = HttpRequestTest, testInstance = [null], testMethod = [null], testException = [null], mergedContextConfiguration = [WebMergedContextConfiguration@2cc44ad testClass = HttpRequestTest, locations = '{}', classes = '{class com.redhat.fuse.boosters.configmap.Application}', contextInitializerClasses = '[]', activeProfiles = '{}', propertySourceLocations = '{}', propertySourceProperties = '{org.springframework.boot.test.context.SpringBootTestContextBootstrapper=true, server.port=0}', contextCustomizers = set[org.springframework.boot.test.context.filter.ExcludeFilterContextCustomizer@71def8f8, org.springframework.boot.test.json.DuplicateJsonObjectContextCustomizerFactory$DuplicateJsonObjectContextCustomizer@53fdffa1, org.springframework.boot.test.mock.mockito.MockitoContextCustomizer@0, org.springframework.boot.test.web.client.TestRestTemplateContextCustomizer@7e7be63f, org.springframework.boot.test.autoconfigure.properties.PropertyMappingContextCustomizer@0, org.springframework.boot.test.autoconfigure.web.servlet.WebDriverContextCustomizerFactory$Customizer@37d4349f, org.springframework.boot.test.context.SpringBootTestArgs@1], resourceBasePath = 'src/main/webapp', contextLoader = 'org.springframework.boot.test.context.SpringBootContextLoader', parent = [null]], attributes = map['org.springframework.test.context.web.ServletTestExecutionListener.activateListener' -> false]], class annotated with @DirtiesContext [false] with mode [null].
16:10:41.075 [main] DEBUG org.springframework.test.annotation.ProfileValueUtils - Retrieved @ProfileValueSourceConfiguration [null] for test class [com.redhat.fuse.boosters.configmap.HttpRequestTest]
16:10:41.075 [main] DEBUG org.springframework.test.annotation.ProfileValueUtils - Retrieved ProfileValueSource type [class org.springframework.test.annotation.SystemProfileValueSource] for class [com.redhat.fuse.boosters.configmap.HttpRequestTest]
16:10:41.078 [main] DEBUG org.springframework.test.context.support.DependencyInjectionTestExecutionListener - Performing dependency injection for test context [[DefaultTestContext@62e20a76 testClass = HttpRequestTest, testInstance = com.redhat.fuse.boosters.configmap.HttpRequestTest@56113384, testMethod = [null], testException = [null], mergedContextConfiguration = [WebMergedContextConfiguration@2cc44ad testClass = HttpRequestTest, locations = '{}', classes = '{class com.redhat.fuse.boosters.configmap.Application}', contextInitializerClasses = '[]', activeProfiles = '{}', propertySourceLocations = '{}', propertySourceProperties = '{org.springframework.boot.test.context.SpringBootTestContextBootstrapper=true, server.port=0}', contextCustomizers = set[org.springframework.boot.test.context.filter.ExcludeFilterContextCustomizer@71def8f8, org.springframework.boot.test.json.DuplicateJsonObjectContextCustomizerFactory$DuplicateJsonObjectContextCustomizer@53fdffa1, org.springframework.boot.test.mock.mockito.MockitoContextCustomizer@0, org.springframework.boot.test.web.client.TestRestTemplateContextCustomizer@7e7be63f, org.springframework.boot.test.autoconfigure.properties.PropertyMappingContextCustomizer@0, org.springframework.boot.test.autoconfigure.web.servlet.WebDriverContextCustomizerFactory$Customizer@37d4349f, org.springframework.boot.test.context.SpringBootTestArgs@1], resourceBasePath = 'src/main/webapp', contextLoader = 'org.springframework.boot.test.context.SpringBootContextLoader', parent = [null]], attributes = map['org.springframework.test.context.web.ServletTestExecutionListener.activateListener' -> false]]].
16:10:41.092 [main] DEBUG org.springframework.test.context.support.TestPropertySourceUtils - Adding inlined properties to environment: {spring.jmx.enabled=false, org.springframework.boot.test.context.SpringBootTestContextBootstrapper=true, server.port=0}
2021-11-26 16:10:41.610  INFO 864 --- [           main] trationDelegate$BeanPostProcessorChecker : Bean 'org.springframework.cloud.autoconfigure.ConfigurationPropertiesRebinderAutoConfiguration' of type [org.springframework.cloud.autoconfigure.ConfigurationPropertiesRebinderAutoConfiguration$$EnhancerBySpringCGLIB$$c2882c9b] is not eligible for getting processed by all BeanPostProcessors (for example: not eligible for auto-proxying)
2021-11-26 16:10:41.645  WARN 864 --- [           main] io.fabric8.kubernetes.client.Config      : Error reading service account token from: [/var/run/secrets/kubernetes.io/serviceaccount/token]. Ignoring.
2021-11-26 16:10:41.646  WARN 864 --- [           main] io.fabric8.kubernetes.client.Config      : Error reading service account token from: [/var/run/secrets/kubernetes.io/serviceaccount/token]. Ignoring.
2021-11-26 16:10:41.647  WARN 864 --- [           main] o.s.c.k.KubernetesAutoConfiguration      : No namespace has been detected. Please specify KUBERNETES_NAMESPACE env var, or use a later kubernetes version (1.3 or later)

  .   ____          _            __ _ _
 /\\ / ___'_ __ _ _(_)_ __  __ _ \ \ \ \
( ( )\___ | '_ | '_| | '_ \/ _` | \ \ \ \
 \\/  ___)| |_)| | | | | || (_| |  ) ) ) )
  '  |____| .__|_| |_|_| |_\__, | / / / /
 =========|_|==============|___/=/_/_/_/
 :: Spring Boot ::        (v2.3.4.RELEASE)

2021-11-26 16:10:41.779  WARN 864 --- [           main] o.s.c.k.config.ConfigMapPropertySource   : Can't read configMap with name: [fuse-configmap-booster] in namespace:[null]. Ignoring
2021-11-26 16:10:41.782  INFO 864 --- [           main] b.c.PropertySourceBootstrapConfiguration : Located property source: CompositePropertySource {name='composite-configmap', propertySources=[ConfigMapPropertySource {name='configmap.fuse-configmap-booster.null'}]}
2021-11-26 16:10:41.783  INFO 864 --- [           main] b.c.PropertySourceBootstrapConfiguration : Located property source: SecretsPropertySource {name='secrets.fuse-configmap-booster.null'}
2021-11-26 16:10:41.786  WARN 864 --- [           main] ory$DuplicateJsonObjectContextCustomizer : 

Found multiple occurrences of org.json.JSONObject on the class path:

	jar:file:/C:/Users/aandb/.m2/repository/com/vaadin/external/google/android-json/0.0.20131108.vaadin1/android-json-0.0.20131108.vaadin1.jar!/org/json/JSONObject.class
	jar:file:/C:/Users/aandb/.m2/repository/org/json/json/20171018/json-20171018.jar!/org/json/JSONObject.class

You may wish to exclude one of them to ensure predictable runtime behavior

2021-11-26 16:10:41.790  INFO 864 --- [           main] c.r.f.b.configmap.HttpRequestTest        : No active profile set, falling back to default profiles: default
2021-11-26 16:10:42.427  INFO 864 --- [           main] o.s.cloud.context.scope.GenericScope     : BeanFactory id=8675e506-749e-3e2b-823a-d57593336631
2021-11-26 16:10:42.590  INFO 864 --- [           main] o.a.c.i.converter.DefaultTypeConverter   : Type converters loaded (core: 195, classpath: 10)
2021-11-26 16:10:42.661  INFO 864 --- [           main] trationDelegate$BeanPostProcessorChecker : Bean 'org.springframework.cloud.autoconfigure.ConfigurationPropertiesRebinderAutoConfiguration' of type [org.springframework.cloud.autoconfigure.ConfigurationPropertiesRebinderAutoConfiguration$$EnhancerBySpringCGLIB$$c2882c9b] is not eligible for getting processed by all BeanPostProcessors (for example: not eligible for auto-proxying)
2021-11-26 16:10:42.894  WARN 864 --- [           main] io.undertow.websockets.jsr               : UT026010: Buffer pool was not set on WebSocketDeploymentInfo, the default pool will be used
2021-11-26 16:10:42.913  INFO 864 --- [           main] io.undertow.servlet                      : Initializing Spring embedded WebApplicationContext
2021-11-26 16:10:42.913  INFO 864 --- [           main] w.s.c.ServletWebServerApplicationContext : Root WebApplicationContext: initialization completed in 1119 ms
2021-11-26 16:10:43.225  INFO 864 --- [           main] o.s.b.a.e.web.ServletEndpointRegistrar   : Registered '/actuator/jolokia' to jolokia-actuator-endpoint
2021-11-26 16:10:43.227  INFO 864 --- [           main] io.hawt.HawtioContextListener            : Initialising hawtio services
2021-11-26 16:10:43.260  INFO 864 --- [           main] io.hawt.system.ConfigManager             : Configuration will be discovered via system properties
2021-11-26 16:10:43.261  INFO 864 --- [           main] io.hawt.jmx.JmxTreeWatcher               : Welcome to hawtio 2.0.0.fuse-sb2-780022-redhat-00001
2021-11-26 16:10:43.451  INFO 864 --- [           main] o.s.s.concurrent.ThreadPoolTaskExecutor  : Initializing ExecutorService 'applicationTaskExecutor'
2021-11-26 16:10:44.074  WARN 864 --- [default.svc/...] i.f.k.c.d.i.WatchConnectionManager       : Exec Failure

java.net.UnknownHostException: kubernetes.default.svc
	at java.base/java.net.InetAddress$CachedAddresses.get(InetAddress.java:801) ~[na:na]
	at java.base/java.net.InetAddress.getAllByName0(InetAddress.java:1509) ~[na:na]
	at java.base/java.net.InetAddress.getAllByName(InetAddress.java:1367) ~[na:na]
	at java.base/java.net.InetAddress.getAllByName(InetAddress.java:1301) ~[na:na]
	at okhttp3.Dns.lambda$static$0(Dns.java:39) ~[okhttp-3.14.9.jar:na]
	at okhttp3.internal.connection.RouteSelector.resetNextInetSocketAddress(RouteSelector.java:171) ~[okhttp-3.14.9.jar:na]
	at okhttp3.internal.connection.RouteSelector.nextProxy(RouteSelector.java:135) ~[okhttp-3.14.9.jar:na]
	at okhttp3.internal.connection.RouteSelector.next(RouteSelector.java:84) ~[okhttp-3.14.9.jar:na]
	at okhttp3.internal.connection.ExchangeFinder.findConnection(ExchangeFinder.java:187) ~[okhttp-3.14.9.jar:na]
	at okhttp3.internal.connection.ExchangeFinder.findHealthyConnection(ExchangeFinder.java:108) ~[okhttp-3.14.9.jar:na]
	at okhttp3.internal.connection.ExchangeFinder.find(ExchangeFinder.java:88) ~[okhttp-3.14.9.jar:na]
	at okhttp3.internal.connection.Transmitter.newExchange(Transmitter.java:169) ~[okhttp-3.14.9.jar:na]
	at okhttp3.internal.connection.ConnectInterceptor.intercept(ConnectInterceptor.java:41) ~[okhttp-3.14.9.jar:na]
	at okhttp3.internal.http.RealInterceptorChain.proceed(RealInterceptorChain.java:142) ~[okhttp-3.14.9.jar:na]
	at okhttp3.internal.http.RealInterceptorChain.proceed(RealInterceptorChain.java:117) ~[okhttp-3.14.9.jar:na]
	at okhttp3.internal.cache.CacheInterceptor.intercept(CacheInterceptor.java:94) ~[okhttp-3.14.9.jar:na]
	at okhttp3.internal.http.RealInterceptorChain.proceed(RealInterceptorChain.java:142) ~[okhttp-3.14.9.jar:na]
	at okhttp3.internal.http.RealInterceptorChain.proceed(RealInterceptorChain.java:117) ~[okhttp-3.14.9.jar:na]
	at okhttp3.internal.http.BridgeInterceptor.intercept(BridgeInterceptor.java:93) ~[okhttp-3.14.9.jar:na]
	at okhttp3.internal.http.RealInterceptorChain.proceed(RealInterceptorChain.java:142) ~[okhttp-3.14.9.jar:na]
	at okhttp3.internal.http.RetryAndFollowUpInterceptor.intercept(RetryAndFollowUpInterceptor.java:88) ~[okhttp-3.14.9.jar:na]
	at okhttp3.internal.http.RealInterceptorChain.proceed(RealInterceptorChain.java:142) ~[okhttp-3.14.9.jar:na]
	at okhttp3.internal.http.RealInterceptorChain.proceed(RealInterceptorChain.java:117) ~[okhttp-3.14.9.jar:na]
	at io.fabric8.kubernetes.client.utils.BackwardsCompatibilityInterceptor.intercept(BackwardsCompatibilityInterceptor.java:119) ~[kubernetes-client-4.6.2.fuse-780004-redhat-00001.jar:na]
	at okhttp3.internal.http.RealInterceptorChain.proceed(RealInterceptorChain.java:142) ~[okhttp-3.14.9.jar:na]
	at okhttp3.internal.http.RealInterceptorChain.proceed(RealInterceptorChain.java:117) ~[okhttp-3.14.9.jar:na]
	at io.fabric8.kubernetes.client.utils.ImpersonatorInterceptor.intercept(ImpersonatorInterceptor.java:68) ~[kubernetes-client-4.6.2.fuse-780004-redhat-00001.jar:na]
	at okhttp3.internal.http.RealInterceptorChain.proceed(RealInterceptorChain.java:142) ~[okhttp-3.14.9.jar:na]
	at okhttp3.internal.http.RealInterceptorChain.proceed(RealInterceptorChain.java:117) ~[okhttp-3.14.9.jar:na]
	at io.fabric8.kubernetes.client.utils.HttpClientUtils.lambda$createHttpClient$3(HttpClientUtils.java:113) ~[kubernetes-client-4.6.2.fuse-780004-redhat-00001.jar:na]
	at okhttp3.internal.http.RealInterceptorChain.proceed(RealInterceptorChain.java:142) ~[okhttp-3.14.9.jar:na]
	at okhttp3.internal.http.RealInterceptorChain.proceed(RealInterceptorChain.java:117) ~[okhttp-3.14.9.jar:na]
	at okhttp3.RealCall.getResponseWithInterceptorChain(RealCall.java:229) ~[okhttp-3.14.9.jar:na]
	at okhttp3.RealCall$AsyncCall.execute(RealCall.java:172) ~[okhttp-3.14.9.jar:na]
	at okhttp3.internal.NamedRunnable.run(NamedRunnable.java:32) ~[okhttp-3.14.9.jar:na]
	at java.base/java.util.concurrent.ThreadPoolExecutor.runWorker(ThreadPoolExecutor.java:1136) ~[na:na]
	at java.base/java.util.concurrent.ThreadPoolExecutor$Worker.run(ThreadPoolExecutor.java:635) ~[na:na]
	at java.base/java.lang.Thread.run(Thread.java:833) ~[na:na]

2021-11-26 16:10:44.076 ERROR 864 --- [           main] .r.EventBasedConfigurationChangeDetector : Error while establishing a connection to watch config maps: configuration may remain stale

io.fabric8.kubernetes.client.KubernetesClientException: Failed to start websocket
	at io.fabric8.kubernetes.client.dsl.internal.WatchConnectionManager$1.onFailure(WatchConnectionManager.java:213) ~[kubernetes-client-4.6.2.fuse-780004-redhat-00001.jar:na]
	at okhttp3.internal.ws.RealWebSocket.failWebSocket(RealWebSocket.java:570) ~[okhttp-3.14.9.jar:na]
	at okhttp3.internal.ws.RealWebSocket$1.onFailure(RealWebSocket.java:216) ~[okhttp-3.14.9.jar:na]
	at okhttp3.RealCall$AsyncCall.execute(RealCall.java:180) ~[okhttp-3.14.9.jar:na]
	at okhttp3.internal.NamedRunnable.run(NamedRunnable.java:32) ~[okhttp-3.14.9.jar:na]
	at java.base/java.util.concurrent.ThreadPoolExecutor.runWorker(ThreadPoolExecutor.java:1136) ~[na:na]
	at java.base/java.util.concurrent.ThreadPoolExecutor$Worker.run(ThreadPoolExecutor.java:635) ~[na:na]
	at java.base/java.lang.Thread.run(Thread.java:833) ~[na:na]
	Suppressed: java.lang.Throwable: waiting here
		at io.fabric8.kubernetes.client.utils.Utils.waitUntilReady(Utils.java:135) ~[kubernetes-client-4.6.2.fuse-780004-redhat-00001.jar:na]
		at io.fabric8.kubernetes.client.dsl.internal.WatchConnectionManager.waitUntilReady(WatchConnectionManager.java:351) ~[kubernetes-client-4.6.2.fuse-780004-redhat-00001.jar:na]
		at io.fabric8.kubernetes.client.dsl.base.BaseOperation.watch(BaseOperation.java:759) ~[kubernetes-client-4.6.2.fuse-780004-redhat-00001.jar:na]
		at io.fabric8.kubernetes.client.dsl.base.BaseOperation.watch(BaseOperation.java:738) ~[kubernetes-client-4.6.2.fuse-780004-redhat-00001.jar:na]
		at io.fabric8.kubernetes.client.dsl.base.BaseOperation.watch(BaseOperation.java:69) ~[kubernetes-client-4.6.2.fuse-780004-redhat-00001.jar:na]
		at org.springframework.cloud.kubernetes.config.reload.EventBasedConfigurationChangeDetector.watch(EventBasedConfigurationChangeDetector.java:73) ~[spring-cloud-kubernetes-config-1.0.4.RELEASE.jar:1.0.4.RELEASE]
		at java.base/jdk.internal.reflect.NativeMethodAccessorImpl.invoke0(Native Method) ~[na:na]
		at java.base/jdk.internal.reflect.NativeMethodAccessorImpl.invoke(NativeMethodAccessorImpl.java:77) ~[na:na]
		at java.base/jdk.internal.reflect.DelegatingMethodAccessorImpl.invoke(DelegatingMethodAccessorImpl.java:43) ~[na:na]
		at java.base/java.lang.reflect.Method.invoke(Method.java:568) ~[na:na]
		at org.springframework.beans.factory.annotation.InitDestroyAnnotationBeanPostProcessor$LifecycleElement.invoke(InitDestroyAnnotationBeanPostProcessor.java:389) ~[spring-beans-5.2.9.RELEASE.jar:5.2.9.RELEASE]
		at org.springframework.beans.factory.annotation.InitDestroyAnnotationBeanPostProcessor$LifecycleMetadata.invokeInitMethods(InitDestroyAnnotationBeanPostProcessor.java:333) ~[spring-beans-5.2.9.RELEASE.jar:5.2.9.RELEASE]
		at org.springframework.beans.factory.annotation.InitDestroyAnnotationBeanPostProcessor.postProcessBeforeInitialization(InitDestroyAnnotationBeanPostProcessor.java:157) ~[spring-beans-5.2.9.RELEASE.jar:5.2.9.RELEASE]
		at org.springframework.beans.factory.support.AbstractAutowireCapableBeanFactory.applyBeanPostProcessorsBeforeInitialization(AbstractAutowireCapableBeanFactory.java:415) ~[spring-beans-5.2.9.RELEASE.jar:5.2.9.RELEASE]
		at org.springframework.beans.factory.support.AbstractAutowireCapableBeanFactory.initializeBean(AbstractAutowireCapableBeanFactory.java:1786) ~[spring-beans-5.2.9.RELEASE.jar:5.2.9.RELEASE]
		at org.springframework.beans.factory.support.AbstractAutowireCapableBeanFactory.doCreateBean(AbstractAutowireCapableBeanFactory.java:594) ~[spring-beans-5.2.9.RELEASE.jar:5.2.9.RELEASE]
		at org.springframework.beans.factory.support.AbstractAutowireCapableBeanFactory.createBean(AbstractAutowireCapableBeanFactory.java:516) ~[spring-beans-5.2.9.RELEASE.jar:5.2.9.RELEASE]
		at org.springframework.beans.factory.support.AbstractBeanFactory.lambda$doGetBean$0(AbstractBeanFactory.java:324) ~[spring-beans-5.2.9.RELEASE.jar:5.2.9.RELEASE]
		at org.springframework.beans.factory.support.DefaultSingletonBeanRegistry.getSingleton(DefaultSingletonBeanRegistry.java:234) ~[spring-beans-5.2.9.RELEASE.jar:5.2.9.RELEASE]
		at org.springframework.beans.factory.support.AbstractBeanFactory.doGetBean(AbstractBeanFactory.java:322) ~[spring-beans-5.2.9.RELEASE.jar:5.2.9.RELEASE]
		at org.springframework.beans.factory.support.AbstractBeanFactory.getBean(AbstractBeanFactory.java:202) ~[spring-beans-5.2.9.RELEASE.jar:5.2.9.RELEASE]
		at org.springframework.beans.factory.support.DefaultListableBeanFactory.preInstantiateSingletons(DefaultListableBeanFactory.java:897) ~[spring-beans-5.2.9.RELEASE.jar:5.2.9.RELEASE]
		at org.springframework.context.support.AbstractApplicationContext.finishBeanFactoryInitialization(AbstractApplicationContext.java:879) ~[spring-context-5.2.9.RELEASE.jar:5.2.9.RELEASE]
		at org.springframework.context.support.AbstractApplicationContext.refresh(AbstractApplicationContext.java:551) ~[spring-context-5.2.9.RELEASE.jar:5.2.9.RELEASE]
		at org.springframework.boot.web.servlet.context.ServletWebServerApplicationContext.refresh(ServletWebServerApplicationContext.java:143) ~[spring-boot-2.3.4.RELEASE.jar:2.3.4.RELEASE]
		at org.springframework.boot.SpringApplication.refresh(SpringApplication.java:758) ~[spring-boot-2.3.4.RELEASE.jar:2.3.4.RELEASE]
		at org.springframework.boot.SpringApplication.refresh(SpringApplication.java:750) ~[spring-boot-2.3.4.RELEASE.jar:2.3.4.RELEASE]
		at org.springframework.boot.SpringApplication.refreshContext(SpringApplication.java:397) ~[spring-boot-2.3.4.RELEASE.jar:2.3.4.RELEASE]
		at org.springframework.boot.SpringApplication.run(SpringApplication.java:315) ~[spring-boot-2.3.4.RELEASE.jar:2.3.4.RELEASE]
		at org.springframework.boot.test.context.SpringBootContextLoader.loadContext(SpringBootContextLoader.java:120) ~[spring-boot-test-2.3.4.RELEASE.jar:2.3.4.RELEASE]
		at org.springframework.test.context.cache.DefaultCacheAwareContextLoaderDelegate.loadContextInternal(DefaultCacheAwareContextLoaderDelegate.java:99) ~[spring-test-5.2.9.RELEASE.jar:5.2.9.RELEASE]
		at org.springframework.test.context.cache.DefaultCacheAwareContextLoaderDelegate.loadContext(DefaultCacheAwareContextLoaderDelegate.java:124) ~[spring-test-5.2.9.RELEASE.jar:5.2.9.RELEASE]
		at org.springframework.test.context.support.DefaultTestContext.getApplicationContext(DefaultTestContext.java:123) ~[spring-test-5.2.9.RELEASE.jar:5.2.9.RELEASE]
		at org.springframework.test.context.support.DependencyInjectionTestExecutionListener.injectDependencies(DependencyInjectionTestExecutionListener.java:118) ~[spring-test-5.2.9.RELEASE.jar:5.2.9.RELEASE]
		at org.springframework.test.context.support.DependencyInjectionTestExecutionListener.prepareTestInstance(DependencyInjectionTestExecutionListener.java:83) ~[spring-test-5.2.9.RELEASE.jar:5.2.9.RELEASE]
		at org.springframework.boot.test.autoconfigure.SpringBootDependencyInjectionTestExecutionListener.prepareTestInstance(SpringBootDependencyInjectionTestExecutionListener.java:43) ~[spring-boot-test-autoconfigure-2.3.4.RELEASE.jar:2.3.4.RELEASE]
		at org.springframework.test.context.TestContextManager.prepareTestInstance(TestContextManager.java:244) ~[spring-test-5.2.9.RELEASE.jar:5.2.9.RELEASE]
		at org.springframework.test.context.junit4.SpringJUnit4ClassRunner.createTest(SpringJUnit4ClassRunner.java:227) ~[spring-test-5.2.9.RELEASE.jar:5.2.9.RELEASE]
		at org.springframework.test.context.junit4.SpringJUnit4ClassRunner$1.runReflectiveCall(SpringJUnit4ClassRunner.java:289) ~[spring-test-5.2.9.RELEASE.jar:5.2.9.RELEASE]
		at org.junit.internal.runners.model.ReflectiveCallable.run(ReflectiveCallable.java:12) ~[junit-4.13.jar:4.13]
		at org.springframework.test.context.junit4.SpringJUnit4ClassRunner.methodBlock(SpringJUnit4ClassRunner.java:291) ~[spring-test-5.2.9.RELEASE.jar:5.2.9.RELEASE]
		at org.springframework.test.context.junit4.SpringJUnit4ClassRunner.runChild(SpringJUnit4ClassRunner.java:246) ~[spring-test-5.2.9.RELEASE.jar:5.2.9.RELEASE]
		at org.springframework.test.context.junit4.SpringJUnit4ClassRunner.runChild(SpringJUnit4ClassRunner.java:97) ~[spring-test-5.2.9.RELEASE.jar:5.2.9.RELEASE]
		at org.junit.runners.ParentRunner$4.run(ParentRunner.java:331) ~[junit-4.13.jar:4.13]
		at org.junit.runners.ParentRunner$1.schedule(ParentRunner.java:79) ~[junit-4.13.jar:4.13]
		at org.junit.runners.ParentRunner.runChildren(ParentRunner.java:329) ~[junit-4.13.jar:4.13]
		at org.junit.runners.ParentRunner.access$100(ParentRunner.java:66) ~[junit-4.13.jar:4.13]
		at org.junit.runners.ParentRunner$2.evaluate(ParentRunner.java:293) ~[junit-4.13.jar:4.13]
		at org.springframework.test.context.junit4.statements.RunBeforeTestClassCallbacks.evaluate(RunBeforeTestClassCallbacks.java:61) ~[spring-test-5.2.9.RELEASE.jar:5.2.9.RELEASE]
		at org.springframework.test.context.junit4.statements.RunAfterTestClassCallbacks.evaluate(RunAfterTestClassCallbacks.java:70) ~[spring-test-5.2.9.RELEASE.jar:5.2.9.RELEASE]
		at org.junit.runners.ParentRunner$3.evaluate(ParentRunner.java:306) ~[junit-4.13.jar:4.13]
		at org.junit.runners.ParentRunner.run(ParentRunner.java:413) ~[junit-4.13.jar:4.13]
		at org.springframework.test.context.junit4.SpringJUnit4ClassRunner.run(SpringJUnit4ClassRunner.java:190) ~[spring-test-5.2.9.RELEASE.jar:5.2.9.RELEASE]
		at org.junit.runner.JUnitCore.run(JUnitCore.java:137) ~[junit-4.13.jar:4.13]
		at org.junit.runner.JUnitCore.run(JUnitCore.java:115) ~[junit-4.13.jar:4.13]
		at org.junit.vintage.engine.execution.RunnerExecutor.execute(RunnerExecutor.java:43) ~[junit-vintage-engine-5.6.2.jar:5.6.2]
		at java.base/java.util.stream.ForEachOps$ForEachOp$OfRef.accept(ForEachOps.java:183) ~[na:na]
		at java.base/java.util.stream.ReferencePipeline$3$1.accept(ReferencePipeline.java:197) ~[na:na]
		at java.base/java.util.Iterator.forEachRemaining(Iterator.java:133) ~[na:na]
		at java.base/java.util.Spliterators$IteratorSpliterator.forEachRemaining(Spliterators.java:1845) ~[na:na]
		at java.base/java.util.stream.AbstractPipeline.copyInto(AbstractPipeline.java:509) ~[na:na]
		at java.base/java.util.stream.AbstractPipeline.wrapAndCopyInto(AbstractPipeline.java:499) ~[na:na]
		at java.base/java.util.stream.ForEachOps$ForEachOp.evaluateSequential(ForEachOps.java:150) ~[na:na]
		at java.base/java.util.stream.ForEachOps$ForEachOp$OfRef.evaluateSequential(ForEachOps.java:173) ~[na:na]
		at java.base/java.util.stream.AbstractPipeline.evaluate(AbstractPipeline.java:234) ~[na:na]
		at java.base/java.util.stream.ReferencePipeline.forEach(ReferencePipeline.java:596) ~[na:na]
		at org.junit.vintage.engine.VintageTestEngine.executeAllChildren(VintageTestEngine.java:82) ~[junit-vintage-engine-5.6.2.jar:5.6.2]
		at org.junit.vintage.engine.VintageTestEngine.execute(VintageTestEngine.java:73) ~[junit-vintage-engine-5.6.2.jar:5.6.2]
		at org.junit.platform.launcher.core.DefaultLauncher.execute(DefaultLauncher.java:170) ~[junit-platform-launcher-1.2.0.jar:1.2.0]
		at org.junit.platform.launcher.core.DefaultLauncher.execute(DefaultLauncher.java:154) ~[junit-platform-launcher-1.2.0.jar:1.2.0]
		at org.junit.platform.launcher.core.DefaultLauncher.execute(DefaultLauncher.java:90) ~[junit-platform-launcher-1.2.0.jar:1.2.0]
		at org.apache.maven.surefire.junitplatform.JUnitPlatformProvider.invokeAllTests(JUnitPlatformProvider.java:142) ~[surefire-junit-platform-2.22.0.jar:2.22.0]
		at org.apache.maven.surefire.junitplatform.JUnitPlatformProvider.invoke(JUnitPlatformProvider.java:117) ~[surefire-junit-platform-2.22.0.jar:2.22.0]
		at org.apache.maven.surefire.booter.ForkedBooter.invokeProviderInSameClassLoader(ForkedBooter.java:383) ~[surefire-booter-2.22.0.jar:2.22.0]
		at org.apache.maven.surefire.booter.ForkedBooter.runSuitesInProcess(ForkedBooter.java:344) ~[surefire-booter-2.22.0.jar:2.22.0]
		at org.apache.maven.surefire.booter.ForkedBooter.execute(ForkedBooter.java:125) ~[surefire-booter-2.22.0.jar:2.22.0]
		at org.apache.maven.surefire.booter.ForkedBooter.main(ForkedBooter.java:417) ~[surefire-booter-2.22.0.jar:2.22.0]
Caused by: java.net.UnknownHostException: kubernetes.default.svc
	at java.base/java.net.InetAddress$CachedAddresses.get(InetAddress.java:801) ~[na:na]
	at java.base/java.net.InetAddress.getAllByName0(InetAddress.java:1509) ~[na:na]
	at java.base/java.net.InetAddress.getAllByName(InetAddress.java:1367) ~[na:na]
	at java.base/java.net.InetAddress.getAllByName(InetAddress.java:1301) ~[na:na]
	at okhttp3.Dns.lambda$static$0(Dns.java:39) ~[okhttp-3.14.9.jar:na]
	at okhttp3.internal.connection.RouteSelector.resetNextInetSocketAddress(RouteSelector.java:171) ~[okhttp-3.14.9.jar:na]
	at okhttp3.internal.connection.RouteSelector.nextProxy(RouteSelector.java:135) ~[okhttp-3.14.9.jar:na]
	at okhttp3.internal.connection.RouteSelector.next(RouteSelector.java:84) ~[okhttp-3.14.9.jar:na]
	at okhttp3.internal.connection.ExchangeFinder.findConnection(ExchangeFinder.java:187) ~[okhttp-3.14.9.jar:na]
	at okhttp3.internal.connection.ExchangeFinder.findHealthyConnection(ExchangeFinder.java:108) ~[okhttp-3.14.9.jar:na]
	at okhttp3.internal.connection.ExchangeFinder.find(ExchangeFinder.java:88) ~[okhttp-3.14.9.jar:na]
	at okhttp3.internal.connection.Transmitter.newExchange(Transmitter.java:169) ~[okhttp-3.14.9.jar:na]
	at okhttp3.internal.connection.ConnectInterceptor.intercept(ConnectInterceptor.java:41) ~[okhttp-3.14.9.jar:na]
	at okhttp3.internal.http.RealInterceptorChain.proceed(RealInterceptorChain.java:142) ~[okhttp-3.14.9.jar:na]
	at okhttp3.internal.http.RealInterceptorChain.proceed(RealInterceptorChain.java:117) ~[okhttp-3.14.9.jar:na]
	at okhttp3.internal.cache.CacheInterceptor.intercept(CacheInterceptor.java:94) ~[okhttp-3.14.9.jar:na]
	at okhttp3.internal.http.RealInterceptorChain.proceed(RealInterceptorChain.java:142) ~[okhttp-3.14.9.jar:na]
	at okhttp3.internal.http.RealInterceptorChain.proceed(RealInterceptorChain.java:117) ~[okhttp-3.14.9.jar:na]
	at okhttp3.internal.http.BridgeInterceptor.intercept(BridgeInterceptor.java:93) ~[okhttp-3.14.9.jar:na]
	at okhttp3.internal.http.RealInterceptorChain.proceed(RealInterceptorChain.java:142) ~[okhttp-3.14.9.jar:na]
	at okhttp3.internal.http.RetryAndFollowUpInterceptor.intercept(RetryAndFollowUpInterceptor.java:88) ~[okhttp-3.14.9.jar:na]
	at okhttp3.internal.http.RealInterceptorChain.proceed(RealInterceptorChain.java:142) ~[okhttp-3.14.9.jar:na]
	at okhttp3.internal.http.RealInterceptorChain.proceed(RealInterceptorChain.java:117) ~[okhttp-3.14.9.jar:na]
	at io.fabric8.kubernetes.client.utils.BackwardsCompatibilityInterceptor.intercept(BackwardsCompatibilityInterceptor.java:119) ~[kubernetes-client-4.6.2.fuse-780004-redhat-00001.jar:na]
	at okhttp3.internal.http.RealInterceptorChain.proceed(RealInterceptorChain.java:142) ~[okhttp-3.14.9.jar:na]
	at okhttp3.internal.http.RealInterceptorChain.proceed(RealInterceptorChain.java:117) ~[okhttp-3.14.9.jar:na]
	at io.fabric8.kubernetes.client.utils.ImpersonatorInterceptor.intercept(ImpersonatorInterceptor.java:68) ~[kubernetes-client-4.6.2.fuse-780004-redhat-00001.jar:na]
	at okhttp3.internal.http.RealInterceptorChain.proceed(RealInterceptorChain.java:142) ~[okhttp-3.14.9.jar:na]
	at okhttp3.internal.http.RealInterceptorChain.proceed(RealInterceptorChain.java:117) ~[okhttp-3.14.9.jar:na]
	at io.fabric8.kubernetes.client.utils.HttpClientUtils.lambda$createHttpClient$3(HttpClientUtils.java:113) ~[kubernetes-client-4.6.2.fuse-780004-redhat-00001.jar:na]
	at okhttp3.internal.http.RealInterceptorChain.proceed(RealInterceptorChain.java:142) ~[okhttp-3.14.9.jar:na]
	at okhttp3.internal.http.RealInterceptorChain.proceed(RealInterceptorChain.java:117) ~[okhttp-3.14.9.jar:na]
	at okhttp3.RealCall.getResponseWithInterceptorChain(RealCall.java:229) ~[okhttp-3.14.9.jar:na]
	at okhttp3.RealCall$AsyncCall.execute(RealCall.java:172) ~[okhttp-3.14.9.jar:na]
	... 4 common frames omitted

2021-11-26 16:10:44.087  INFO 864 --- [           main] o.s.b.a.e.web.EndpointLinksResolver      : Exposing 2 endpoint(s) beneath base path '/actuator'
2021-11-26 16:10:44.260  INFO 864 --- [           main] o.a.c.c.s.CamelHttpTransportServlet      : Initialized CamelHttpTransportServlet[name=CamelServlet, contextPath=]
2021-11-26 16:10:44.264  INFO 864 --- [           main] i.h.w.auth.AuthenticationConfiguration   : Starting hawtio authentication filter, JAAS authentication disabled
2021-11-26 16:10:44.266  INFO 864 --- [           main] io.undertow                              : starting server: Undertow - 2.0.30.SP4-redhat-00001
2021-11-26 16:10:44.272  INFO 864 --- [           main] org.xnio                                 : XNIO version 3.5.9.Final
2021-11-26 16:10:44.278  INFO 864 --- [           main] org.xnio.nio                             : XNIO NIO Implementation Version 3.5.9.Final
2021-11-26 16:10:44.328  INFO 864 --- [           main] o.s.b.w.e.undertow.UndertowWebServer     : Undertow started on port(s) 63260 (http)
2021-11-26 16:10:44.359  INFO 864 --- [           main] o.a.camel.spring.boot.RoutesCollector    : Loading additional Camel XML routes from: classpath:camel/*.xml
2021-11-26 16:10:44.359  INFO 864 --- [           main] o.a.camel.spring.boot.RoutesCollector    : Loading additional Camel XML rests from: classpath:camel-rest/*.xml
2021-11-26 16:10:44.368  INFO 864 --- [           main] o.a.camel.spring.SpringCamelContext      : Apache Camel 2.23.2.fuse-780036-redhat-00001 (CamelContext: camel-1) is starting
2021-11-26 16:10:44.369  INFO 864 --- [           main] o.a.c.m.ManagedManagementStrategy        : JMX is enabled
2021-11-26 16:10:44.515  INFO 864 --- [           main] o.a.c.impl.DefaultStreamCachingStrategy  : StreamCaching in use with spool directory: C:\Users\aandb\AppData\Local\Temp\camel\camel-tmp-ba04b954-4b02-4dd3-852f-4556e82c8cca and rules: [Spool > 128K body size]
2021-11-26 16:10:44.558  INFO 864 --- [           main] o.a.c.c.jackson.JacksonDataFormat        : Found single ObjectMapper in Registry to use: com.fasterxml.jackson.databind.ObjectMapper@b34c7c9
2021-11-26 16:10:44.558  INFO 864 --- [           main] o.a.c.c.jackson.JacksonDataFormat        : Found single ObjectMapper in Registry to use: com.fasterxml.jackson.databind.ObjectMapper@b34c7c9
2021-11-26 16:10:44.559  INFO 864 --- [           main] o.a.camel.spring.SpringCamelContext      : Route: route1 started and consuming from: direct://greetingsImpl
2021-11-26 16:10:44.560  INFO 864 --- [           main] o.a.camel.spring.SpringCamelContext      : Route: greeting-api started and consuming from: servlet:/greetings/?httpMethodRestrict=GET
2021-11-26 16:10:44.560  INFO 864 --- [           main] o.a.camel.spring.SpringCamelContext      : Total 2 routes, of which 2 are started
2021-11-26 16:10:44.561  INFO 864 --- [           main] o.a.camel.spring.SpringCamelContext      : Apache Camel 2.23.2.fuse-780036-redhat-00001 (CamelContext: camel-1) started in 0.192 seconds
2021-11-26 16:10:44.564  INFO 864 --- [           main] c.r.f.b.configmap.HttpRequestTest        : Started HttpRequestTest in 3.47 seconds (JVM running for 4.131)
2021-11-26 16:10:44.819  INFO 864 --- [  XNIO-1 task-1] io.undertow.servlet                      : Initializing Spring DispatcherServlet 'dispatcherServlet'
2021-11-26 16:10:44.819  INFO 864 --- [  XNIO-1 task-1] o.s.web.servlet.DispatcherServlet        : Initializing Servlet 'dispatcherServlet'
2021-11-26 16:10:44.826  INFO 864 --- [  XNIO-1 task-1] o.s.web.servlet.DispatcherServlet        : Completed initialization in 7 ms
]]></system-out>
    <system-err><![CDATA[Exception in thread "OkHttp Dispatcher" java.util.concurrent.RejectedExecutionException: Task java.util.concurrent.ScheduledThreadPoolExecutor$ScheduledFutureTask@755f2128[Not completed, task = java.util.concurrent.Executors$RunnableAdapter@6fce683a[Wrapped task = io.fabric8.kubernetes.client.dsl.internal.WatchConnectionManager$2@4ce254dc]] rejected from java.util.concurrent.ScheduledThreadPoolExecutor@ffcfb90[Terminated, pool size = 0, active threads = 0, queued tasks = 0, completed tasks = 0]
	at java.base/java.util.concurrent.ThreadPoolExecutor$AbortPolicy.rejectedExecution(ThreadPoolExecutor.java:2065)
	at java.base/java.util.concurrent.ThreadPoolExecutor.reject(ThreadPoolExecutor.java:833)
	at java.base/java.util.concurrent.ScheduledThreadPoolExecutor.delayedExecute(ScheduledThreadPoolExecutor.java:340)
	at java.base/java.util.concurrent.ScheduledThreadPoolExecutor.schedule(ScheduledThreadPoolExecutor.java:562)
	at java.base/java.util.concurrent.ScheduledThreadPoolExecutor.submit(ScheduledThreadPoolExecutor.java:715)
	at java.base/java.util.concurrent.Executors$DelegatedExecutorService.submit(Executors.java:748)
	at io.fabric8.kubernetes.client.dsl.internal.WatchConnectionManager.scheduleReconnect(WatchConnectionManager.java:315)
	at io.fabric8.kubernetes.client.dsl.internal.WatchConnectionManager.access$800(WatchConnectionManager.java:50)
	at io.fabric8.kubernetes.client.dsl.internal.WatchConnectionManager$1.onFailure(WatchConnectionManager.java:222)
	at okhttp3.internal.ws.RealWebSocket.failWebSocket(RealWebSocket.java:570)
	at okhttp3.internal.ws.RealWebSocket$1.onFailure(RealWebSocket.java:216)
	at okhttp3.RealCall$AsyncCall.execute(RealCall.java:180)
	at okhttp3.internal.NamedRunnable.run(NamedRunnable.java:32)
	at java.base/java.util.concurrent.ThreadPoolExecutor.runWorker(ThreadPoolExecutor.java:1136)
	at java.base/java.util.concurrent.ThreadPoolExecutor$Worker.run(ThreadPoolExecutor.java:635)
	at java.base/java.lang.Thread.run(Thread.java:833)
]]></system-err>
  </testcase>
  <testcase name="greetingsShouldReturnMessage" classname="com.redhat.fuse.boosters.configmap.HttpRequestTest" time="0.066"/>
</testsuite>